<?xml version="1.0" encoding="UTF-8"?>
<!-- Generated by org.testng.reporters.JUnitReportReporter -->
<testsuite hostname="Medhats-MacBook-Pro.local" name="pushNotificationTescasesDSL.TC003_pushNotification_SpeedTest_DSL" tests="8" failures="0" timestamp="5 Jan 2020 11:45:08 GMT" time="243.573" errors="0">
  <testcase name="Stepd1_dslLogin" time="36.562" classname="pushNotificationTescasesDSL.TC003_pushNotification_SpeedTest_DSL"/>
  <testcase name="Step4_HandlePushNotification_FromBackground" time="17.846" classname="pushNotificationTescasesDSL.TC003_pushNotification_SpeedTest_DSL"/>
  <testcase name="Step6_HandlePushNotificationFromFrontgound_AfterKillingTheApp" time="17.729" classname="pushNotificationTescasesDSL.TC003_pushNotification_SpeedTest_DSL"/>
  <testcase name="Step2_HandlePushNotificationFromFrontgound" time="3.064" classname="pushNotificationTescasesDSL.TC003_pushNotification_SpeedTest_DSL"/>
  <testcase name="Step8_dslLogout" time="22.027" classname="pushNotificationTescasesDSL.TC003_pushNotification_SpeedTest_DSL"/>
  <testcase name="Step7_ValidateTheSpeedtestDeeplinkAction_AfterKillingTheApp" time="60.490" classname="pushNotificationTescasesDSL.TC003_pushNotification_SpeedTest_DSL"/>
  <testcase name="Step5_ValidateTheSpeedtestDeeplinkAction_Backround" time="60.366" classname="pushNotificationTescasesDSL.TC003_pushNotification_SpeedTest_DSL"/>
  <testcase name="Step3_ValidateTheSpeedTestDeeplinkAction_FrontGround" time="25.489" classname="pushNotificationTescasesDSL.TC003_pushNotification_SpeedTest_DSL"/>
</testsuite> <!-- pushNotificationTescasesDSL.TC003_pushNotification_SpeedTest_DSL -->
