<?xml version="1.0" encoding="UTF-8"?>
<!-- Generated by org.testng.reporters.JUnitReportReporter -->
<testsuite hostname="Medhats-MacBook-Pro.local" name="newLoginScenarios.CableScenarios_Stubs.TC005_Stubs_Cable_PermissionScreen_FailFCIDENTWith500And510And504And404" tests="16" failures="0" timestamp="21 Jan 2020 10:59:19 GMT" time="451.058" errors="0">
  <testcase name="Step7_ValidteBlockingScreen" time="9.577" classname="newLoginScenarios.CableScenarios_Stubs.TC005_Stubs_Cable_PermissionScreen_FailFCIDENTWith500And510And504And404"/>
  <testcase name="Step16_SetFCIDENTWith200AndValidateGDBR" time="58.112" classname="newLoginScenarios.CableScenarios_Stubs.TC005_Stubs_Cable_PermissionScreen_FailFCIDENTWith500And510And504And404"/>
  <testcase name="Step13_LaunchTheAppAndOpenDSLTab" time="12.207" classname="newLoginScenarios.CableScenarios_Stubs.TC005_Stubs_Cable_PermissionScreen_FailFCIDENTWith500And510And504And404"/>
  <testcase name="Step1_LaunchTheAppAndOpenDSLTab" time="14.897" classname="newLoginScenarios.CableScenarios_Stubs.TC005_Stubs_Cable_PermissionScreen_FailFCIDENTWith500And510And504And404"/>
  <testcase name="Step5_LaunchTheAppAndOpenDSLTab" time="12.154" classname="newLoginScenarios.CableScenarios_Stubs.TC005_Stubs_Cable_PermissionScreen_FailFCIDENTWith500And510And504And404"/>
  <testcase name="Step6_FailFCIDENTWithErrorCode504" time="30.000" classname="newLoginScenarios.CableScenarios_Stubs.TC005_Stubs_Cable_PermissionScreen_FailFCIDENTWith500And510And504And404"/>
  <testcase name="Step9_LaunchTheAppAndOpenDSLTab" time="12.318" classname="newLoginScenarios.CableScenarios_Stubs.TC005_Stubs_Cable_PermissionScreen_FailFCIDENTWith500And510And504And404"/>
  <testcase name="Step12_SetFCIDENTWith200AndValidateGDBR" time="58.993" classname="newLoginScenarios.CableScenarios_Stubs.TC005_Stubs_Cable_PermissionScreen_FailFCIDENTWith500And510And504And404"/>
  <testcase name="Step15_ValidteBlockingScreen" time="9.623" classname="newLoginScenarios.CableScenarios_Stubs.TC005_Stubs_Cable_PermissionScreen_FailFCIDENTWith500And510And504And404"/>
  <testcase name="Step3_ValidteBlockingScreen" time="10.820" classname="newLoginScenarios.CableScenarios_Stubs.TC005_Stubs_Cable_PermissionScreen_FailFCIDENTWith500And510And504And404"/>
  <testcase name="Step11_ValidteBlockingScreen" time="9.730" classname="newLoginScenarios.CableScenarios_Stubs.TC005_Stubs_Cable_PermissionScreen_FailFCIDENTWith500And510And504And404"/>
  <testcase name="Step4_SetFCIDENTWith200AndValidateGDBR" time="60.961" classname="newLoginScenarios.CableScenarios_Stubs.TC005_Stubs_Cable_PermissionScreen_FailFCIDENTWith500And510And504And404"/>
  <testcase name="Step10_FailFCIDENTWithErrorCode510" time="30.217" classname="newLoginScenarios.CableScenarios_Stubs.TC005_Stubs_Cable_PermissionScreen_FailFCIDENTWith500And510And504And404"/>
  <testcase name="Step14_FailFCIDENTWithErrorCode510" time="28.628" classname="newLoginScenarios.CableScenarios_Stubs.TC005_Stubs_Cable_PermissionScreen_FailFCIDENTWith500And510And504And404"/>
  <testcase name="Step2_FailFCIDENTWithErrorCode500" time="30.627" classname="newLoginScenarios.CableScenarios_Stubs.TC005_Stubs_Cable_PermissionScreen_FailFCIDENTWith500And510And504And404"/>
  <testcase name="Step8_SetFCIDENTWith200AndValidateGDBR" time="62.194" classname="newLoginScenarios.CableScenarios_Stubs.TC005_Stubs_Cable_PermissionScreen_FailFCIDENTWith500And510And504And404"/>
</testsuite> <!-- newLoginScenarios.CableScenarios_Stubs.TC005_Stubs_Cable_PermissionScreen_FailFCIDENTWith500And510And504And404 -->
