<?xml version="1.0" encoding="UTF-8"?>
<!-- Generated by org.testng.reporters.JUnitReportReporter -->
<testsuite hostname="Medhats-MacBook-Pro.local" name="newLoginScenarios.DSLScenarios_Stubs.TC032_Stubs_DSL_FailHashingWith401" tests="4" failures="0" timestamp="20 Jan 2020 13:10:36 GMT" time="113.356" errors="0">
  <testcase name="Step1_LaunchTheAppAndOpenDSLTab" time="13.589" classname="newLoginScenarios.DSLScenarios_Stubs.TC032_Stubs_DSL_FailHashingWith401"/>
  <testcase name="Step2_userHashingResponseWithErrorCode401" time="28.750" classname="newLoginScenarios.DSLScenarios_Stubs.TC032_Stubs_DSL_FailHashingWith401"/>
  <testcase name="Step4_SetUserHashingResponseWith200AndValidateGDBR" time="63.922" classname="newLoginScenarios.DSLScenarios_Stubs.TC032_Stubs_DSL_FailHashingWith401"/>
  <testcase name="Step3_ValidteBlockingScreen" time="7.095" classname="newLoginScenarios.DSLScenarios_Stubs.TC032_Stubs_DSL_FailHashingWith401"/>
</testsuite> <!-- newLoginScenarios.DSLScenarios_Stubs.TC032_Stubs_DSL_FailHashingWith401 -->
