<?xml version="1.0" encoding="UTF-8"?>
<!-- Generated by org.testng.reporters.JUnitReportReporter -->
<testsuite hostname="Medhats-MacBook-Pro.local" name="servicesAndAPIs.StartSession_post_DSL" tests="1" failures="0" timestamp="6 Feb 2020 12:50:49 GMT" time="3.332" errors="0">
  <testcase name="testStart" time="3.332" classname="servicesAndAPIs.StartSession_post_DSL"/>
</testsuite> <!-- servicesAndAPIs.StartSession_post_DSL -->
