<?xml version="1.0" encoding="UTF-8"?>
<!-- Generated by org.testng.reporters.JUnitReportReporter -->
<testsuite hostname="Medhats-MacBook-Pro.local" name="pushNotificationTestcasesPostpaid.TC007_pushNotification_Offer_Postpaid_Demo" tests="4" failures="0" timestamp="2 Feb 2020 19:02:04 GMT" time="165.777" errors="0">
  <testcase name="Step1_mobileLogin" time="44.969" classname="pushNotificationTestcasesPostpaid.TC007_pushNotification_Offer_Postpaid_Demo"/>
  <testcase name="Step6_HandlePushNotificationFromFrontgound_AfterKillingTheApp" time="22.322" classname="pushNotificationTestcasesPostpaid.TC007_pushNotification_Offer_Postpaid_Demo"/>
  <testcase name="Step8_MobileLogout" time="41.698" classname="pushNotificationTestcasesPostpaid.TC007_pushNotification_Offer_Postpaid_Demo"/>
  <testcase name="Step7_ValidateTheAngebotePage_AfterKillingTheApp" time="56.788" classname="pushNotificationTestcasesPostpaid.TC007_pushNotification_Offer_Postpaid_Demo"/>
</testsuite> <!-- pushNotificationTestcasesPostpaid.TC007_pushNotification_Offer_Postpaid_Demo -->
