<?xml version="1.0" encoding="UTF-8"?>
<!-- Generated by org.testng.reporters.JUnitReportReporter -->
<testsuite hostname="Medhats-MacBook-Pro.local" name="newLoginScenarios.CableScenarios_Stubs.TC031_Stubs_DSL_FailHashingResponseWith500And510And504" tests="16" failures="0" timestamp="21 Jan 2020 15:43:21 GMT" time="453.365" errors="0">
  <testcase name="Step14_FailHashingResponseWithErrorCode404" time="30.510" classname="newLoginScenarios.CableScenarios_Stubs.TC031_Stubs_DSL_FailHashingResponseWith500And510And504"/>
  <testcase name="Step16_SetHashingResponseWith200AndValidateGDBR" time="61.359" classname="newLoginScenarios.CableScenarios_Stubs.TC031_Stubs_DSL_FailHashingResponseWith500And510And504"/>
  <testcase name="Step12_SetHashingResponseWith200AndValidateGDBR" time="60.136" classname="newLoginScenarios.CableScenarios_Stubs.TC031_Stubs_DSL_FailHashingResponseWith500And510And504"/>
  <testcase name="Step6_FailHashingResponseWithErrorCode504" time="29.134" classname="newLoginScenarios.CableScenarios_Stubs.TC031_Stubs_DSL_FailHashingResponseWith500And510And504"/>
  <testcase name="Step8_SetHashingResponseWith200AndValidateGDBR" time="61.885" classname="newLoginScenarios.CableScenarios_Stubs.TC031_Stubs_DSL_FailHashingResponseWith500And510And504"/>
  <testcase name="Step10_FailHashingResponseWithErrorCode510" time="39.058" classname="newLoginScenarios.CableScenarios_Stubs.TC031_Stubs_DSL_FailHashingResponseWith500And510And504"/>
  <testcase name="Step1_LaunchTheAppAndOpenDSLTab" time="20.671" classname="newLoginScenarios.CableScenarios_Stubs.TC031_Stubs_DSL_FailHashingResponseWith500And510And504"/>
  <testcase name="Step5_LaunchTheAppAndOpenDSLTab" time="12.246" classname="newLoginScenarios.CableScenarios_Stubs.TC031_Stubs_DSL_FailHashingResponseWith500And510And504"/>
  <testcase name="Step15_ValidteBlockingScreen" time="6.070" classname="newLoginScenarios.CableScenarios_Stubs.TC031_Stubs_DSL_FailHashingResponseWith500And510And504"/>
  <testcase name="Step3_ValidteBlockingScreen" time="6.832" classname="newLoginScenarios.CableScenarios_Stubs.TC031_Stubs_DSL_FailHashingResponseWith500And510And504"/>
  <testcase name="Step13_LaunchTheAppAndOpenDSLTab" time="11.792" classname="newLoginScenarios.CableScenarios_Stubs.TC031_Stubs_DSL_FailHashingResponseWith500And510And504"/>
  <testcase name="Step2_FailHashingResponseWithErrorCode500" time="31.410" classname="newLoginScenarios.CableScenarios_Stubs.TC031_Stubs_DSL_FailHashingResponseWith500And510And504"/>
  <testcase name="Step7_ValidteBlockingScreen" time="5.797" classname="newLoginScenarios.CableScenarios_Stubs.TC031_Stubs_DSL_FailHashingResponseWith500And510And504"/>
  <testcase name="Step4_SetHashingResponseWith200AndValidateGDBR" time="58.974" classname="newLoginScenarios.CableScenarios_Stubs.TC031_Stubs_DSL_FailHashingResponseWith500And510And504"/>
  <testcase name="Step11_ValidteBlockingScreen" time="5.468" classname="newLoginScenarios.CableScenarios_Stubs.TC031_Stubs_DSL_FailHashingResponseWith500And510And504"/>
  <testcase name="Step9_LaunchTheAppAndOpenDSLTab" time="12.023" classname="newLoginScenarios.CableScenarios_Stubs.TC031_Stubs_DSL_FailHashingResponseWith500And510And504"/>
</testsuite> <!-- newLoginScenarios.CableScenarios_Stubs.TC031_Stubs_DSL_FailHashingResponseWith500And510And504 -->
