<?xml version="1.0" encoding="UTF-8"?>
<!-- Generated by org.testng.reporters.JUnitReportReporter -->
<testsuite hostname="Medhats-MacBook-Pro.local" name="pushNotificationTescasesDSL.TC012_pushNotification_DataNewMappingDeeplink_DS" tests="8" failures="0" timestamp="25 Dec 2019 13:10:29 GMT" time="463.389" errors="0">
  <testcase name="Step3_ValidateTheMeineDatenDeeplinkAction_FrontGround" time="89.839" classname="pushNotificationTescasesDSL.TC012_pushNotification_DataNewMappingDeeplink_DS"/>
  <testcase name="Step7_ValidateTheMeineDatenDeeplinkAction_AfterKillingTheApp" time="135.555" classname="pushNotificationTescasesDSL.TC012_pushNotification_DataNewMappingDeeplink_DS"/>
  <testcase name="Step4_HandlePushNotification_FromBackground" time="18.766" classname="pushNotificationTescasesDSL.TC012_pushNotification_DataNewMappingDeeplink_DS"/>
  <testcase name="Step6_HandlePushNotificationFromFrontgound_AfterKillingTheApp" time="18.101" classname="pushNotificationTescasesDSL.TC012_pushNotification_DataNewMappingDeeplink_DS"/>
  <testcase name="Step1_dslLogin" time="38.476" classname="pushNotificationTescasesDSL.TC012_pushNotification_DataNewMappingDeeplink_DS"/>
  <testcase name="Step8_MobileLogout" time="25.769" classname="pushNotificationTescasesDSL.TC012_pushNotification_DataNewMappingDeeplink_DS"/>
  <testcase name="Step2_HandlePushNotificationFromFrontgound" time="6.651" classname="pushNotificationTescasesDSL.TC012_pushNotification_DataNewMappingDeeplink_DS"/>
  <testcase name="Step5_ValidateTheMeineDatenDeeplinkAction_Backround" time="130.232" classname="pushNotificationTescasesDSL.TC012_pushNotification_DataNewMappingDeeplink_DS"/>
</testsuite> <!-- pushNotificationTescasesDSL.TC012_pushNotification_DataNewMappingDeeplink_DS -->
