<?xml version="1.0" encoding="UTF-8"?>
<!-- Generated by org.testng.reporters.JUnitReportReporter -->
<testsuite hostname="Medhats-MacBook-Pro.local" name="servicesAndAPIs.StartSession_post_Mobile" tests="1" failures="0" timestamp="6 Feb 2020 12:06:13 GMT" time="4.349" errors="0">
  <testcase name="testMSISDN" time="4.349" classname="servicesAndAPIs.StartSession_post_Mobile"/>
</testsuite> <!-- servicesAndAPIs.StartSession_post_Mobile -->
