<?xml version="1.0" encoding="UTF-8"?>
<!-- Generated by org.testng.reporters.JUnitReportReporter -->
<testsuite hostname="Medhats-MacBook-Pro.local" name="ErrorHandling.DSLScenarios.TC002_Regression_SetBillAmountWithNULL" tests="1" failures="0" timestamp="2 Feb 2020 12:22:48 GMT" time="28.763" errors="0">
  <testcase name="Step5_ResetBilledUsageToBeWithValue" time="28.763" classname="ErrorHandling.DSLScenarios.TC002_Regression_SetBillAmountWithNULL"/>
</testsuite> <!-- ErrorHandling.DSLScenarios.TC002_Regression_SetBillAmountWithNULL -->
