<?xml version="1.0" encoding="UTF-8"?>
<!-- Generated by org.testng.reporters.JUnitReportReporter -->
<testsuite hostname="Medhats-MacBook-Pro.local" name="servicesAndAPIs.urbanAirShipAPIHandeller" tests="1" failures="0" timestamp="12 Dec 2019 17:10:35 GMT" time="2.390" errors="0">
  <testcase name="sendNotification" time="2.390" classname="servicesAndAPIs.urbanAirShipAPIHandeller"/>
</testsuite> <!-- servicesAndAPIs.urbanAirShipAPIHandeller -->
