<?xml version="1.0" encoding="UTF-8"?>
<!-- Generated by org.testng.reporters.JUnitReportReporter -->
<testsuite hostname="Medhats-MacBook-Pro.local" name="newLoginScenarios.CableScenarios_Stubs.TC030_Stubs_DSL_FailDataRequestWith401" tests="4" failures="0" timestamp="21 Jan 2020 12:56:37 GMT" time="129.691" errors="0">
  <testcase name="Step1_LaunchTheAppAndOpenDSLTab" time="26.648" classname="newLoginScenarios.CableScenarios_Stubs.TC030_Stubs_DSL_FailDataRequestWith401"/>
  <testcase name="Step4_SetUserDataResponseWith200AndValidateGDBR" time="65.010" classname="newLoginScenarios.CableScenarios_Stubs.TC030_Stubs_DSL_FailDataRequestWith401"/>
  <testcase name="Step2_userDataResponseWithErrorCode401" time="29.742" classname="newLoginScenarios.CableScenarios_Stubs.TC030_Stubs_DSL_FailDataRequestWith401"/>
  <testcase name="Step3_ValidteBlockingScreen" time="8.291" classname="newLoginScenarios.CableScenarios_Stubs.TC030_Stubs_DSL_FailDataRequestWith401"/>
</testsuite> <!-- newLoginScenarios.CableScenarios_Stubs.TC030_Stubs_DSL_FailDataRequestWith401 -->
