<?xml version="1.0" encoding="UTF-8"?>
<!-- Generated by org.testng.reporters.JUnitReportReporter -->
<testsuite hostname="Medhats-MacBook-Pro.local" name="pushNotificationTestcasesPostpaid.TC007_pushNotification_Offer_Postpaid" tests="8" failures="0" timestamp="3 Feb 2020 11:26:55 GMT" time="263.550" errors="0">
  <testcase name="Step5_ValidateTheAngebotePage_Backround" time="44.877" classname="pushNotificationTestcasesPostpaid.TC007_pushNotification_Offer_Postpaid"/>
  <testcase name="Step8_MobileLogout" time="43.270" classname="pushNotificationTestcasesPostpaid.TC007_pushNotification_Offer_Postpaid"/>
  <testcase name="Step6_HandlePushNotificationFromFrontgound_AfterKillingTheApp" time="20.437" classname="pushNotificationTestcasesPostpaid.TC007_pushNotification_Offer_Postpaid"/>
  <testcase name="Step7_ValidateTheAngebotePage_AfterKillingTheApp" time="56.508" classname="pushNotificationTestcasesPostpaid.TC007_pushNotification_Offer_Postpaid"/>
  <testcase name="Step2_HandlePushNotificationFromFrontgound" time="7.711" classname="pushNotificationTestcasesPostpaid.TC007_pushNotification_Offer_Postpaid"/>
  <testcase name="Step4_HandlePushNotification_FromBackground" time="21.149" classname="pushNotificationTestcasesPostpaid.TC007_pushNotification_Offer_Postpaid"/>
  <testcase name="Step1_mobileLogin" time="40.485" classname="pushNotificationTestcasesPostpaid.TC007_pushNotification_Offer_Postpaid"/>
  <testcase name="Step3_ValidateTheAngebotePage_FrontGround" time="29.113" classname="pushNotificationTestcasesPostpaid.TC007_pushNotification_Offer_Postpaid"/>
</testsuite> <!-- pushNotificationTestcasesPostpaid.TC007_pushNotification_Offer_Postpaid -->
