<?xml version="1.0" encoding="UTF-8"?>
<!-- Generated by org.testng.reporters.JUnitReportReporter -->
<testsuite hostname="Medhats-MacBook-Pro.local" name="pushNotificationTestcasesPrepaid.TC012_pushNotification_Posteingang_Prepaid" tests="8" failures="0" timestamp="5 Jan 2020 15:36:22 GMT" time="116.536" errors="0">
  <testcase name="Step6_HandlePushNotificationFromFrontgound_AfterKillingTheApp" time="4.253" classname="pushNotificationTestcasesPrepaid.TC012_pushNotification_Posteingang_Prepaid"/>
  <testcase name="Step4_HandlePushNotification_FromBackground" time="3.261" classname="pushNotificationTestcasesPrepaid.TC012_pushNotification_Posteingang_Prepaid"/>
  <testcase name="Step7_ValidateTheInboxPageDeeplinkAction_AfterKillingTheApp" time="15.342" classname="pushNotificationTestcasesPrepaid.TC012_pushNotification_Posteingang_Prepaid"/>
  <testcase name="Step1_mobileLogin" time="35.860" classname="pushNotificationTestcasesPrepaid.TC012_pushNotification_Posteingang_Prepaid"/>
  <testcase name="Step5_ValidateTheInboxPageDeeplinkAction_Backround" time="15.373" classname="pushNotificationTestcasesPrepaid.TC012_pushNotification_Posteingang_Prepaid"/>
  <testcase name="Step2_HandlePushNotificationFromForeground" time="3.586" classname="pushNotificationTestcasesPrepaid.TC012_pushNotification_Posteingang_Prepaid"/>
  <testcase name="Step8_MobileLogout" time="23.368" classname="pushNotificationTestcasesPrepaid.TC012_pushNotification_Posteingang_Prepaid"/>
  <testcase name="Step3_ValidateTheInboxPageDeeplinkAction_FrontGround" time="15.493" classname="pushNotificationTestcasesPrepaid.TC012_pushNotification_Posteingang_Prepaid"/>
</testsuite> <!-- pushNotificationTestcasesPrepaid.TC012_pushNotification_Posteingang_Prepaid -->
