<?xml version="1.0" encoding="UTF-8"?>
<!-- Generated by org.testng.reporters.JUnitReportReporter -->
<testsuite hostname="Medhats-MacBook-Pro.local" name="servicesAndAPIs.Hashing_Get" tests="2" failures="0" timestamp="27 Jan 2020 13:59:14 GMT" time="7.240" errors="0">
  <testcase name="runAPI" time="4.287" classname="servicesAndAPIs.Hashing_Get"/>
  <testcase name="validateHashingService" time="2.953" classname="servicesAndAPIs.Hashing_Get"/>
</testsuite> <!-- servicesAndAPIs.Hashing_Get -->
