<?xml version="1.0" encoding="UTF-8"?>
<!-- Generated by org.testng.reporters.JUnitReportReporter -->
<testsuite hostname="Medhats-MacBook-Pro.local" name="tests.TC014_pushNotification_SettingsAndInfo_Prepaid" tests="7" failures="0" timestamp="22 Dec 2019 11:33:14 GMT" time="258.022" errors="0">
  <testcase name="Step3_ValidateTheNetzInfoPageDeeplinkAction_FrontGround" time="28.151" classname="tests.TC014_pushNotification_SettingsAndInfo_Prepaid"/>
  <testcase name="Step1_mobileLogin" time="30.720" classname="tests.TC014_pushNotification_SettingsAndInfo_Prepaid"/>
  <testcase name="Step5_ValidateTheNetzInfoPageDeeplinkAction_Backround" time="110.342" classname="tests.TC014_pushNotification_SettingsAndInfo_Prepaid"/>
  <testcase name="Step6_HandlePushNotificationFromFrontgound_AfterKillingTheApp" time="17.979" classname="tests.TC014_pushNotification_SettingsAndInfo_Prepaid"/>
  <testcase name="Step7_ValidateTheNetzInfoPageDeeplinkAction_AfterKillingTheApp" time="44.856" classname="tests.TC014_pushNotification_SettingsAndInfo_Prepaid"/>
  <testcase name="Step2_HandlePushNotificationFromFrontgound" time="7.729" classname="tests.TC014_pushNotification_SettingsAndInfo_Prepaid"/>
  <testcase name="Step4_HandlePushNotification_FromBackground" time="18.245" classname="tests.TC014_pushNotification_SettingsAndInfo_Prepaid"/>
</testsuite> <!-- tests.TC014_pushNotification_SettingsAndInfo_Prepaid -->
