<?xml version="1.0" encoding="UTF-8"?>
<!-- Generated by org.testng.reporters.JUnitReportReporter -->
<testsuite hostname="Medhats-MacBook-Pro.local" name="newLoginScenarios.CableScenarios_Stubs.TC053_FailBilledUsageRequest401_DSL" tests="4" failures="0" timestamp="21 Jan 2020 16:38:11 GMT" time="90.620" errors="0">
  <testcase name="setStatusCode200" time="27.981" classname="newLoginScenarios.CableScenarios_Stubs.TC053_FailBilledUsageRequest401_DSL"/>
  <testcase name="validateHomeScreenAfterFailure" time="6.428" classname="newLoginScenarios.CableScenarios_Stubs.TC053_FailBilledUsageRequest401_DSL"/>
  <testcase name="Step1_dslLogin" time="28.944" classname="newLoginScenarios.CableScenarios_Stubs.TC053_FailBilledUsageRequest401_DSL"/>
  <testcase name="Step2_FailBilledUsageResponseWith401" time="27.267" classname="newLoginScenarios.CableScenarios_Stubs.TC053_FailBilledUsageRequest401_DSL"/>
</testsuite> <!-- newLoginScenarios.CableScenarios_Stubs.TC053_FailBilledUsageRequest401_DSL -->
