<?xml version="1.0" encoding="UTF-8"?>
<!-- Generated by org.testng.reporters.JUnitReportReporter -->
<testsuite hostname="Medhats-MacBook-Pro.local" name="newLoginScenarios.CableScenarios_Stubs.TC006_Stubs_Cable_PermissionScreen_FailFCIDENTWith401" tests="5" failures="0" timestamp="28 Jan 2020 22:49:57 GMT" time="160.596" errors="0">
  <testcase name="Step1_LaunchTheAppAndOpenDSL_CableTab" time="13.118" classname="newLoginScenarios.CableScenarios_Stubs.TC006_Stubs_Cable_PermissionScreen_FailFCIDENTWith401"/>
  <testcase name="Step4_ValidteBlockingScreen" time="8.061" classname="newLoginScenarios.CableScenarios_Stubs.TC006_Stubs_Cable_PermissionScreen_FailFCIDENTWith401"/>
  <testcase name="Step2_SetUserDataWith200" time="34.743" classname="newLoginScenarios.CableScenarios_Stubs.TC006_Stubs_Cable_PermissionScreen_FailFCIDENTWith401"/>
  <testcase name="Step3_FailFCIDENTWithErrorCode401" time="35.521" classname="newLoginScenarios.CableScenarios_Stubs.TC006_Stubs_Cable_PermissionScreen_FailFCIDENTWith401"/>
  <testcase name="Step5_SetFCIDENTWith200AndValidateGDBR" time="69.153" classname="newLoginScenarios.CableScenarios_Stubs.TC006_Stubs_Cable_PermissionScreen_FailFCIDENTWith401"/>
</testsuite> <!-- newLoginScenarios.CableScenarios_Stubs.TC006_Stubs_Cable_PermissionScreen_FailFCIDENTWith401 -->
