<?xml version="1.0" encoding="UTF-8"?>
<!-- Generated by org.testng.reporters.JUnitReportReporter -->
<testsuite hostname="Medhats-MacBook-Pro.local" name="pushNotificationTescasesDSL.TC014_pushNotification_TariffNewMapping_DSL_Postpaid" tests="8" failures="0" timestamp="5 Jan 2020 11:44:38 GMT" time="294.520" errors="0">
  <testcase name="Step4_HandlePushNotification_FromBackground" time="18.406" classname="pushNotificationTescasesDSL.TC014_pushNotification_TariffNewMapping_DSL_Postpaid"/>
  <testcase name="Step7_ValidateTheTariffDeeplinkAction_AfterKillingTheApp" time="69.348" classname="pushNotificationTescasesDSL.TC014_pushNotification_TariffNewMapping_DSL_Postpaid"/>
  <testcase name="Step5_ValidateTheTariffDeeplinkAction_Backround" time="69.337" classname="pushNotificationTescasesDSL.TC014_pushNotification_TariffNewMapping_DSL_Postpaid"/>
  <testcase name="Step8_dslLogout" time="25.409" classname="pushNotificationTescasesDSL.TC014_pushNotification_TariffNewMapping_DSL_Postpaid"/>
  <testcase name="Stepd1_dslLogin" time="41.038" classname="pushNotificationTescasesDSL.TC014_pushNotification_TariffNewMapping_DSL_Postpaid"/>
  <testcase name="Step2_HandlePushNotificationFromForeground" time="4.359" classname="pushNotificationTescasesDSL.TC014_pushNotification_TariffNewMapping_DSL_Postpaid"/>
  <testcase name="Step3_ValidateTheTariffDeeplinkAction_FrontGround" time="48.300" classname="pushNotificationTescasesDSL.TC014_pushNotification_TariffNewMapping_DSL_Postpaid"/>
  <testcase name="Step6_HandlePushNotificationFromFrontgound_AfterKillingTheApp" time="18.323" classname="pushNotificationTescasesDSL.TC014_pushNotification_TariffNewMapping_DSL_Postpaid"/>
</testsuite> <!-- pushNotificationTescasesDSL.TC014_pushNotification_TariffNewMapping_DSL_Postpaid -->
