<?xml version="1.0" encoding="UTF-8"?>
<!-- Generated by org.testng.reporters.JUnitReportReporter -->
<testsuite hostname="Medhats-MacBook-Pro.local" name="pushNotificationTescasesDSL.TC012_pushNotification_DataNewMappingDeeplink_DSL_Postpaid" tests="8" failures="0" timestamp="5 Jan 2020 11:44:58 GMT" time="442.734" errors="0">
  <testcase name="Step7_ValidateTheMeineDatenDeeplinkAction_AfterKillingTheApp" time="134.497" classname="pushNotificationTescasesDSL.TC012_pushNotification_DataNewMappingDeeplink_DSL_Postpaid"/>
  <testcase name="Step8_MobileLogout" time="23.626" classname="pushNotificationTescasesDSL.TC012_pushNotification_DataNewMappingDeeplink_DSL_Postpaid"/>
  <testcase name="Step4_HandlePushNotification_FromBackground" time="18.267" classname="pushNotificationTescasesDSL.TC012_pushNotification_DataNewMappingDeeplink_DSL_Postpaid"/>
  <testcase name="Step5_ValidateTheMeineDatenDeeplinkAction_Backround" time="127.080" classname="pushNotificationTescasesDSL.TC012_pushNotification_DataNewMappingDeeplink_DSL_Postpaid"/>
  <testcase name="Step3_ValidateTheMeineDatenDeeplinkAction_FrontGround" time="82.582" classname="pushNotificationTescasesDSL.TC012_pushNotification_DataNewMappingDeeplink_DSL_Postpaid"/>
  <testcase name="Step6_HandlePushNotificationFromFrontgound_AfterKillingTheApp" time="18.026" classname="pushNotificationTescasesDSL.TC012_pushNotification_DataNewMappingDeeplink_DSL_Postpaid"/>
  <testcase name="Step1_dslLogin" time="35.528" classname="pushNotificationTescasesDSL.TC012_pushNotification_DataNewMappingDeeplink_DSL_Postpaid"/>
  <testcase name="Step2_HandlePushNotificationFromForeground" time="3.128" classname="pushNotificationTescasesDSL.TC012_pushNotification_DataNewMappingDeeplink_DSL_Postpaid"/>
</testsuite> <!-- pushNotificationTescasesDSL.TC012_pushNotification_DataNewMappingDeeplink_DSL_Postpaid -->
