<?xml version="1.0" encoding="UTF-8"?>
<!-- Generated by org.testng.reporters.JUnitReportReporter -->
<testsuite hostname="Medhats-MacBook-Pro.local" name="servicesAndAPIs.UnbilledUsage_Get" tests="1" failures="0" timestamp="6 Feb 2020 14:51:11 GMT" time="5.041" errors="0">
  <testcase name="testunbilledUsage" time="5.041" classname="servicesAndAPIs.UnbilledUsage_Get"/>
</testsuite> <!-- servicesAndAPIs.UnbilledUsage_Get -->
