<?xml version="1.0" encoding="UTF-8"?>
<!-- Generated by org.testng.reporters.JUnitReportReporter -->
<testsuite hostname="Medhats-MacBook-Pro.local" name="newLoginScenarios.CableScenarios_Stubs.TC032_Stubs_DSL_FailHashingWith401" tests="5" failures="0" timestamp="1 Feb 2020 00:36:57 GMT" time="169.332" errors="0">
  <testcase name="Step3_userHashingResponseWithErrorCode401" time="38.407" classname="newLoginScenarios.CableScenarios_Stubs.TC032_Stubs_DSL_FailHashingWith401"/>
  <testcase name="Step4_ValidteBlockingScreen" time="8.215" classname="newLoginScenarios.CableScenarios_Stubs.TC032_Stubs_DSL_FailHashingWith401"/>
  <testcase name="Step5_SetUserHashingResponseWith200AndValidateGDBR" time="73.200" classname="newLoginScenarios.CableScenarios_Stubs.TC032_Stubs_DSL_FailHashingWith401"/>
  <testcase name="Step2_LaunchTheAppAndOpenCableTab" time="12.809" classname="newLoginScenarios.CableScenarios_Stubs.TC032_Stubs_DSL_FailHashingWith401"/>
  <testcase name="Step1_SetUserDataToBeCableUser" time="36.701" classname="newLoginScenarios.CableScenarios_Stubs.TC032_Stubs_DSL_FailHashingWith401"/>
</testsuite> <!-- newLoginScenarios.CableScenarios_Stubs.TC032_Stubs_DSL_FailHashingWith401 -->
