<?xml version="1.0" encoding="UTF-8"?>
<!-- Generated by org.testng.reporters.JUnitReportReporter -->
<testsuite hostname="Medhats-MacBook-Pro.local" name="pushNotificationTescasesDSL.TC010_pushNotification_OrderDeeplink_DSL" tests="8" failures="0" timestamp="5 Jan 2020 11:44:33 GMT" time="191.272" errors="0">
  <testcase name="Step5_ValidateTheOrdersDeeplinkAction_Backround" time="35.539" classname="pushNotificationTescasesDSL.TC010_pushNotification_OrderDeeplink_DSL"/>
  <testcase name="Step7_ValidateTheOrdersDeeplinkAction_AfterKillingTheApp" time="39.653" classname="pushNotificationTescasesDSL.TC010_pushNotification_OrderDeeplink_DSL"/>
  <testcase name="Step3_ValidateTheOrdersDeeplinkAction_FrontGround" time="19.832" classname="pushNotificationTescasesDSL.TC010_pushNotification_OrderDeeplink_DSL"/>
  <testcase name="Step4_HandlePushNotification_FromBackground" time="17.826" classname="pushNotificationTescasesDSL.TC010_pushNotification_OrderDeeplink_DSL"/>
  <testcase name="Step1_dslLogin" time="35.600" classname="pushNotificationTescasesDSL.TC010_pushNotification_OrderDeeplink_DSL"/>
  <testcase name="Step2_HandlePushNotificationFromFrontgound" time="3.006" classname="pushNotificationTescasesDSL.TC010_pushNotification_OrderDeeplink_DSL"/>
  <testcase name="Step8_MobileLogout" time="21.978" classname="pushNotificationTescasesDSL.TC010_pushNotification_OrderDeeplink_DSL"/>
  <testcase name="Step6_HandlePushNotificationFromFrontgound_AfterKillingTheApp" time="17.838" classname="pushNotificationTescasesDSL.TC010_pushNotification_OrderDeeplink_DSL"/>
</testsuite> <!-- pushNotificationTescasesDSL.TC010_pushNotification_OrderDeeplink_DSL -->
