<?xml version="1.0" encoding="UTF-8"?>
<!-- Generated by org.testng.reporters.JUnitReportReporter -->
<testsuite hostname="Medhats-MacBook-Pro.local" name="newLoginScenarios.CableScenarios_Stubs.TC028_Stubs_DSL_FailStartSessionWith403And402And401" tests="12" failures="0" timestamp="21 Jan 2020 12:10:26 GMT" time="390.852" errors="0">
  <testcase name="Step4_SetStartSessionWith200AndValidateGDBR" time="64.657" classname="newLoginScenarios.CableScenarios_Stubs.TC028_Stubs_DSL_FailStartSessionWith403And402And401"/>
  <testcase name="Step3_ValidteBlockingScreen" time="5.194" classname="newLoginScenarios.CableScenarios_Stubs.TC028_Stubs_DSL_FailStartSessionWith403And402And401"/>
  <testcase name="Step2_FailStartSessionWithErrorCode401" time="29.460" classname="newLoginScenarios.CableScenarios_Stubs.TC028_Stubs_DSL_FailStartSessionWith403And402And401"/>
  <testcase name="Step9_LaunchTheAppAndOpenDSLTab" time="13.717" classname="newLoginScenarios.CableScenarios_Stubs.TC028_Stubs_DSL_FailStartSessionWith403And402And401"/>
  <testcase name="Step11_ValidteBlockingScreen" time="5.886" classname="newLoginScenarios.CableScenarios_Stubs.TC028_Stubs_DSL_FailStartSessionWith403And402And401"/>
  <testcase name="Step8_SetStartSessionWith200AndValidateGDBR" time="60.972" classname="newLoginScenarios.CableScenarios_Stubs.TC028_Stubs_DSL_FailStartSessionWith403And402And401"/>
  <testcase name="Step6_FailStartSessionWithErrorCode402" time="28.924" classname="newLoginScenarios.CableScenarios_Stubs.TC028_Stubs_DSL_FailStartSessionWith403And402And401"/>
  <testcase name="Step5_LaunchTheAppAndOpenDSLTab" time="13.176" classname="newLoginScenarios.CableScenarios_Stubs.TC028_Stubs_DSL_FailStartSessionWith403And402And401"/>
  <testcase name="Step10_FailStartSessionWithErrorCode403" time="28.491" classname="newLoginScenarios.CableScenarios_Stubs.TC028_Stubs_DSL_FailStartSessionWith403And402And401"/>
  <testcase name="Step12_SetStartSessionWith200AndValidateGDBR" time="62.401" classname="newLoginScenarios.CableScenarios_Stubs.TC028_Stubs_DSL_FailStartSessionWith403And402And401"/>
  <testcase name="Step1_LaunchTheAppAndOpenDSLTab" time="72.744" classname="newLoginScenarios.CableScenarios_Stubs.TC028_Stubs_DSL_FailStartSessionWith403And402And401"/>
  <testcase name="Step7_ValidteBlockingScreen" time="5.230" classname="newLoginScenarios.CableScenarios_Stubs.TC028_Stubs_DSL_FailStartSessionWith403And402And401"/>
</testsuite> <!-- newLoginScenarios.CableScenarios_Stubs.TC028_Stubs_DSL_FailStartSessionWith403And402And401 -->
