<?xml version="1.0" encoding="UTF-8"?>
<!-- Generated by org.testng.reporters.JUnitReportReporter -->
<testsuite hostname="Medhats-MBP" name="tests.TC1_pushNotification" tests="1" failures="0" timestamp="13 Dec 2019 08:05:44 GMT" time="40.478" errors="0">
  <testcase name="openAndVerifySentNotification" time="40.478" classname="tests.TC1_pushNotification"/>
</testsuite> <!-- tests.TC1_pushNotification -->
