<?xml version="1.0" encoding="UTF-8"?>
<!-- Generated by org.testng.reporters.JUnitReportReporter -->
<testsuite hostname="Medhats-MacBook-Pro.local" name="newLoginScenarios.TC29_FullScenarios_CheckPushNotificationInOnboardingScreen_Mobile" tests="3" failures="0" timestamp="15 Jan 2020 09:01:09 GMT" time="101.420" errors="0">
  <testcase name="Step3_ValidateTheFAQDeeplinkAction_FrontGround" time="57.640" classname="newLoginScenarios.TC29_FullScenarios_CheckPushNotificationInOnboardingScreen_Mobile"/>
  <testcase name="Step2_HandlePushNotificationFromFrontgound" time="8.702" classname="newLoginScenarios.TC29_FullScenarios_CheckPushNotificationInOnboardingScreen_Mobile"/>
  <testcase name="mobileLogin" time="35.078" classname="newLoginScenarios.TC29_FullScenarios_CheckPushNotificationInOnboardingScreen_Mobile"/>
</testsuite> <!-- newLoginScenarios.TC29_FullScenarios_CheckPushNotificationInOnboardingScreen_Mobile -->
