<?xml version="1.0" encoding="UTF-8"?>
<!-- Generated by org.testng.reporters.JUnitReportReporter -->
<testsuite hostname="Medhats-MacBook-Pro.local" name="newLoginScenarios.CableScenarios_Stubs.TC025_Stubs_Cable_Fail_Info_Get_Post_With401" tests="8" failures="0" timestamp="1 Feb 2020 00:08:25 GMT" time="258.186" errors="0">
  <testcase name="Step3_FailFcInfoGetWithErrorCode401" time="45.387" classname="newLoginScenarios.CableScenarios_Stubs.TC025_Stubs_Cable_Fail_Info_Get_Post_With401"/>
  <testcase name="Step4_ValidteBlockingScreen" time="11.520" classname="newLoginScenarios.CableScenarios_Stubs.TC025_Stubs_Cable_Fail_Info_Get_Post_With401"/>
  <testcase name="Step7_ValidteBlockingScreen" time="5.423" classname="newLoginScenarios.CableScenarios_Stubs.TC025_Stubs_Cable_Fail_Info_Get_Post_With401"/>
  <testcase name="Step1_SetUserDataToBeCableUser" time="37.530" classname="newLoginScenarios.CableScenarios_Stubs.TC025_Stubs_Cable_Fail_Info_Get_Post_With401"/>
  <testcase name="Step2_LaunchTheAppAndLoginWithCableUser" time="14.581" classname="newLoginScenarios.CableScenarios_Stubs.TC025_Stubs_Cable_Fail_Info_Get_Post_With401"/>
  <testcase name="Step8_SetFCInfoPostWith200AndValidateGDBR" time="63.386" classname="newLoginScenarios.CableScenarios_Stubs.TC025_Stubs_Cable_Fail_Info_Get_Post_With401"/>
  <testcase name="Step6_FailFcInfoPostWithErrorCode401" time="38.624" classname="newLoginScenarios.CableScenarios_Stubs.TC025_Stubs_Cable_Fail_Info_Get_Post_With401"/>
  <testcase name="Step5_SetFCInfoGetWith200AndValidateGDBR" time="41.735" classname="newLoginScenarios.CableScenarios_Stubs.TC025_Stubs_Cable_Fail_Info_Get_Post_With401"/>
</testsuite> <!-- newLoginScenarios.CableScenarios_Stubs.TC025_Stubs_Cable_Fail_Info_Get_Post_With401 -->
