<?xml version="1.0" encoding="UTF-8"?>
<!-- Generated by org.testng.reporters.JUnitReportReporter -->
<testsuite hostname="Medhats-MacBook-Pro.local" name="servicesAndAPIs.Info_Post" tests="1" failures="0" timestamp="6 Feb 2020 13:31:38 GMT" time="9.825" errors="0">
  <testcase name="testInfoPost" time="9.825" classname="servicesAndAPIs.Info_Post"/>
</testsuite> <!-- servicesAndAPIs.Info_Post -->
