<?xml version="1.0" encoding="UTF-8"?>
<!-- Generated by org.testng.reporters.JUnitReportReporter -->
<testsuite hostname="Medhats-MacBook-Pro.local" name="servicesAndAPIs.Hashing_DSL_Get" tests="1" failures="0" timestamp="6 Feb 2020 13:20:53 GMT" time="4.384" errors="0">
  <testcase name="runAPI" time="4.384" classname="servicesAndAPIs.Hashing_DSL_Get"/>
</testsuite> <!-- servicesAndAPIs.Hashing_DSL_Get -->
