<?xml version="1.0" encoding="UTF-8"?>
<!-- Generated by org.testng.reporters.JUnitReportReporter -->
<testsuite hostname="Medhats-MacBook-Pro.local" name="newLoginScenarios.CableScenarios_Stubs.TC027_Stubs_DSL_FailStartSessionWith500And510And504" tests="4" failures="0" timestamp="21 Jan 2020 11:56:53 GMT" time="115.589" errors="0">
  <testcase name="Step9_LaunchTheAppAndOpenDSLTab" time="16.617" classname="newLoginScenarios.CableScenarios_Stubs.TC027_Stubs_DSL_FailStartSessionWith500And510And504"/>
  <testcase name="Step11_ValidteBlockingScreen" time="7.178" classname="newLoginScenarios.CableScenarios_Stubs.TC027_Stubs_DSL_FailStartSessionWith500And510And504"/>
  <testcase name="Step10_FailStartSessionWithErrorCode510" time="29.175" classname="newLoginScenarios.CableScenarios_Stubs.TC027_Stubs_DSL_FailStartSessionWith500And510And504"/>
  <testcase name="Step12_SetStartSessionWith200AndValidateGDBR" time="62.619" classname="newLoginScenarios.CableScenarios_Stubs.TC027_Stubs_DSL_FailStartSessionWith500And510And504"/>
</testsuite> <!-- newLoginScenarios.CableScenarios_Stubs.TC027_Stubs_DSL_FailStartSessionWith500And510And504 -->
