<?xml version="1.0" encoding="UTF-8"?>
<!-- Generated by org.testng.reporters.JUnitReportReporter -->
<testsuite hostname="Medhats-MacBook-Pro.local" name="newLoginScenarios.CYCCScenarios_Stubs.TC035_CYCC_FaildIndexResponseWithErrorCode404Or500Or510" tests="4" failures="0" timestamp="15 Jan 2020 16:23:48 GMT" time="75.042" errors="0">
  <testcase name="Step2_failIndexResponseWith510" time="29.149" classname="newLoginScenarios.CYCCScenarios_Stubs.TC035_CYCC_FaildIndexResponseWithErrorCode404Or500Or510"/>
  <testcase name="Step4_SetIndexMintVfssDublinWith200AndValidateGDBR" time="26.922" classname="newLoginScenarios.CYCCScenarios_Stubs.TC035_CYCC_FaildIndexResponseWithErrorCode404Or500Or510"/>
  <testcase name="Step1_LaunchTheAppAndOpenMobileTab" time="12.776" classname="newLoginScenarios.CYCCScenarios_Stubs.TC035_CYCC_FaildIndexResponseWithErrorCode404Or500Or510"/>
  <testcase name="Step3_ValidteBlockingScreen" time="6.195" classname="newLoginScenarios.CYCCScenarios_Stubs.TC035_CYCC_FaildIndexResponseWithErrorCode404Or500Or510"/>
</testsuite> <!-- newLoginScenarios.CYCCScenarios_Stubs.TC035_CYCC_FaildIndexResponseWithErrorCode404Or500Or510 -->
