<?xml version="1.0" encoding="UTF-8"?>
<!-- Generated by org.testng.reporters.JUnitReportReporter -->
<testsuite hostname="Medhats-MacBook-Pro.local" name="newLoginScenarios.CableScenarios_Stubs.TC006_Stubs_Cable_PermissionScreen_FailFCIDENTWith401" tests="4" failures="0" timestamp="21 Jan 2020 10:23:35 GMT" time="119.857" errors="0">
  <testcase name="Step1_LaunchTheAppAndOpenDSLTab" time="20.071" classname="newLoginScenarios.CableScenarios_Stubs.TC006_Stubs_Cable_PermissionScreen_FailFCIDENTWith401"/>
  <testcase name="Step4_SetFCIDENTWith200AndValidateGDBR" time="61.908" classname="newLoginScenarios.CableScenarios_Stubs.TC006_Stubs_Cable_PermissionScreen_FailFCIDENTWith401"/>
  <testcase name="Step2_FailFCIDENTWithErrorCode500" time="29.894" classname="newLoginScenarios.CableScenarios_Stubs.TC006_Stubs_Cable_PermissionScreen_FailFCIDENTWith401"/>
  <testcase name="Step3_ValidteBlockingScreen" time="7.984" classname="newLoginScenarios.CableScenarios_Stubs.TC006_Stubs_Cable_PermissionScreen_FailFCIDENTWith401"/>
</testsuite> <!-- newLoginScenarios.CableScenarios_Stubs.TC006_Stubs_Cable_PermissionScreen_FailFCIDENTWith401 -->
