<?xml version="1.0" encoding="UTF-8"?>
<!-- Generated by org.testng.reporters.JUnitReportReporter -->
<testsuite hostname="Medhats-MacBook-Pro.local" name="newLoginScenarios.CableScenarios_Stubs.TC028_Stubs_DSL_FailStartSessionWith403And402And401" tests="13" failures="0" timestamp="28 Jan 2020 23:57:46 GMT" time="391.608" errors="0">
  <testcase name="Step3_FailStartSessionWithErrorCode401" time="37.109" classname="newLoginScenarios.CableScenarios_Stubs.TC028_Stubs_DSL_FailStartSessionWith403And402And401"/>
  <testcase name="Step13_SetStartSessionWith200AndValidateGDBR" time="63.484" classname="newLoginScenarios.CableScenarios_Stubs.TC028_Stubs_DSL_FailStartSessionWith403And402And401"/>
  <testcase name="Step4_ValidteBlockingScreen" time="5.399" classname="newLoginScenarios.CableScenarios_Stubs.TC028_Stubs_DSL_FailStartSessionWith403And402And401"/>
  <testcase name="Step11_FailStartSessionWithErrorCode403" time="36.991" classname="newLoginScenarios.CableScenarios_Stubs.TC028_Stubs_DSL_FailStartSessionWith403And402And401"/>
  <testcase name="Step1_LaunchTheAppAndOpenDSL_CableTab" time="12.543" classname="newLoginScenarios.CableScenarios_Stubs.TC028_Stubs_DSL_FailStartSessionWith403And402And401"/>
  <testcase name="Step10_LaunchTheAppAndOpenDSL_CableTab" time="11.815" classname="newLoginScenarios.CableScenarios_Stubs.TC028_Stubs_DSL_FailStartSessionWith403And402And401"/>
  <testcase name="Step5_SetStartSessionWith200AndValidateGDBR" time="63.012" classname="newLoginScenarios.CableScenarios_Stubs.TC028_Stubs_DSL_FailStartSessionWith403And402And401"/>
  <testcase name="Step12_ValidteBlockingScreen" time="5.661" classname="newLoginScenarios.CableScenarios_Stubs.TC028_Stubs_DSL_FailStartSessionWith403And402And401"/>
  <testcase name="Step6_LaunchTheAppAndOpenDSL_CableTab" time="11.493" classname="newLoginScenarios.CableScenarios_Stubs.TC028_Stubs_DSL_FailStartSessionWith403And402And401"/>
  <testcase name="Step9_SetStartSessionWith200AndValidateGDBR" time="67.638" classname="newLoginScenarios.CableScenarios_Stubs.TC028_Stubs_DSL_FailStartSessionWith403And402And401"/>
  <testcase name="Step2_SetUserDataToBeCableUser" time="35.667" classname="newLoginScenarios.CableScenarios_Stubs.TC028_Stubs_DSL_FailStartSessionWith403And402And401"/>
  <testcase name="Step7_FailStartSessionWithErrorCode402" time="35.241" classname="newLoginScenarios.CableScenarios_Stubs.TC028_Stubs_DSL_FailStartSessionWith403And402And401"/>
  <testcase name="Step8_ValidteBlockingScreen" time="5.555" classname="newLoginScenarios.CableScenarios_Stubs.TC028_Stubs_DSL_FailStartSessionWith403And402And401"/>
</testsuite> <!-- newLoginScenarios.CableScenarios_Stubs.TC028_Stubs_DSL_FailStartSessionWith403And402And401 -->
