<?xml version="1.0" encoding="UTF-8"?>
<!-- Generated by org.testng.reporters.JUnitReportReporter -->
<testsuite hostname="Medhats-MacBook-Pro.local" name="newLoginScenarios.CableScenarios_Stubs.TC019_Stubs_DSL_Fail_InfoGet_InfoPost_With500And504And510And405" tests="4" failures="0" timestamp="22 Jan 2020 16:33:01 GMT" time="110.321" errors="0">
  <testcase name="Step14_FailFcInfoGetWithErrorCode510" time="28.636" classname="newLoginScenarios.CableScenarios_Stubs.TC019_Stubs_DSL_Fail_InfoGet_InfoPost_With500And504And510And405"/>
  <testcase name="Step16_SetFCInfoGetWith200AndValidateGDBR" time="57.451" classname="newLoginScenarios.CableScenarios_Stubs.TC019_Stubs_DSL_Fail_InfoGet_InfoPost_With500And504And510And405"/>
  <testcase name="Step15_ValidteBlockingScreen" time="9.618" classname="newLoginScenarios.CableScenarios_Stubs.TC019_Stubs_DSL_Fail_InfoGet_InfoPost_With500And504And510And405"/>
  <testcase name="Step13_LaunchTheAppAndLoginWithDSLUser" time="14.616" classname="newLoginScenarios.CableScenarios_Stubs.TC019_Stubs_DSL_Fail_InfoGet_InfoPost_With500And504And510And405"/>
</testsuite> <!-- newLoginScenarios.CableScenarios_Stubs.TC019_Stubs_DSL_Fail_InfoGet_InfoPost_With500And504And510And405 -->
