<?xml version="1.0" encoding="UTF-8"?>
<!-- Generated by org.testng.reporters.JUnitReportReporter -->
<testsuite hostname="Medhats-MacBook-Pro.local" name="dataUtilities.GetUserFromJson" tests="1" failures="0" timestamp="21 Dec 2019 12:16:25 GMT" time="0.015" errors="0">
  <testcase name="getUser" time="0.015" classname="dataUtilities.GetUserFromJson"/>
</testsuite> <!-- dataUtilities.GetUserFromJson -->
