<?xml version="1.0" encoding="UTF-8"?>
<!-- Generated by org.testng.reporters.JUnitReportReporter -->
<testsuite hostname="Medhats-MacBook-Pro.local" name="newLoginScenarios.CYCCScenarios_Stubs.TC040_CYCC_FaildSubscriberDetailsResponseWithErrorCode401" tests="4" failures="0" timestamp="15 Jan 2020 17:05:16 GMT" time="97.239" errors="0">
  <testcase name="Step2_failResponseWith500" time="31.499" classname="newLoginScenarios.CYCCScenarios_Stubs.TC040_CYCC_FaildSubscriberDetailsResponseWithErrorCode401"/>
  <testcase name="Step4_SetResponseWith200AndValidateGDBR" time="27.098" classname="newLoginScenarios.CYCCScenarios_Stubs.TC040_CYCC_FaildSubscriberDetailsResponseWithErrorCode401"/>
  <testcase name="Step3_ValidteBlockingScreen" time="23.849" classname="newLoginScenarios.CYCCScenarios_Stubs.TC040_CYCC_FaildSubscriberDetailsResponseWithErrorCode401"/>
  <testcase name="Step1_LaunchTheAppAndOpenMobileTab" time="14.793" classname="newLoginScenarios.CYCCScenarios_Stubs.TC040_CYCC_FaildSubscriberDetailsResponseWithErrorCode401"/>
</testsuite> <!-- newLoginScenarios.CYCCScenarios_Stubs.TC040_CYCC_FaildSubscriberDetailsResponseWithErrorCode401 -->
