<?xml version="1.0" encoding="UTF-8"?>
<!-- Generated by org.testng.reporters.JUnitReportReporter -->
<testsuite hostname="Medhats-MacBook-Pro.local" name="ErrorHandling.DSLScenarios.TC01_Regression_FailSubcriptionDetails_401_TariffPlan_500" tests="7" failures="0" timestamp="2 Feb 2020 10:01:27 GMT" time="173.834" errors="0">
  <testcase name="Step7_FailSubscription_Get_200" time="27.011" classname="ErrorHandling.DSLScenarios.TC01_Regression_FailSubcriptionDetails_401_TariffPlan_500"/>
  <testcase name="Step2_LaunchTheAppAndOpenDSLTab" time="27.538" classname="ErrorHandling.DSLScenarios.TC01_Regression_FailSubcriptionDetails_401_TariffPlan_500"/>
  <testcase name="Step5_ValidteIfAppRedirectedToLoginScreen" time="6.579" classname="ErrorHandling.DSLScenarios.TC01_Regression_FailSubcriptionDetails_401_TariffPlan_500"/>
  <testcase name="Step3_FailSubscription_Get_401" time="27.607" classname="ErrorHandling.DSLScenarios.TC01_Regression_FailSubcriptionDetails_401_TariffPlan_500"/>
  <testcase name="Step6_FailSubscription_Get_200" time="29.042" classname="ErrorHandling.DSLScenarios.TC01_Regression_FailSubcriptionDetails_401_TariffPlan_500"/>
  <testcase name="Step1_SetUserDataToBeDSLUser" time="27.740" classname="ErrorHandling.DSLScenarios.TC01_Regression_FailSubcriptionDetails_401_TariffPlan_500"/>
  <testcase name="Step4_FailTariffPlan_ACN_Get_500" time="28.317" classname="ErrorHandling.DSLScenarios.TC01_Regression_FailSubcriptionDetails_401_TariffPlan_500"/>
</testsuite> <!-- ErrorHandling.DSLScenarios.TC01_Regression_FailSubcriptionDetails_401_TariffPlan_500 -->
