<?xml version="1.0" encoding="UTF-8"?>
<!-- Generated by org.testng.reporters.JUnitReportReporter -->
<testsuite hostname="Medhats-MacBook-Pro.local" name="newLoginScenarios.CableScenarios_Stubs.TC008_Stubs_DSL_FailFCIDENTWith401" tests="5" failures="0" timestamp="28 Jan 2020 23:05:33 GMT" time="161.419" errors="0">
  <testcase name="Step1_LaunchTheAppAndOpenDSLTab" time="13.021" classname="newLoginScenarios.CableScenarios_Stubs.TC008_Stubs_DSL_FailFCIDENTWith401"/>
  <testcase name="Step5_SetFCIDENTWith200AndValidateGDBR" time="69.637" classname="newLoginScenarios.CableScenarios_Stubs.TC008_Stubs_DSL_FailFCIDENTWith401"/>
  <testcase name="Step4_ValidteBlockingScreen" time="8.156" classname="newLoginScenarios.CableScenarios_Stubs.TC008_Stubs_DSL_FailFCIDENTWith401"/>
  <testcase name="Step2_SetUserDataWith200" time="34.332" classname="newLoginScenarios.CableScenarios_Stubs.TC008_Stubs_DSL_FailFCIDENTWith401"/>
  <testcase name="Step3_FailFCIDENTWithErrorCode401" time="36.273" classname="newLoginScenarios.CableScenarios_Stubs.TC008_Stubs_DSL_FailFCIDENTWith401"/>
</testsuite> <!-- newLoginScenarios.CableScenarios_Stubs.TC008_Stubs_DSL_FailFCIDENTWith401 -->
