<?xml version="1.0" encoding="UTF-8"?>
<!-- Generated by org.testng.reporters.JUnitReportReporter -->
<testsuite hostname="Medhats-MacBook-Pro.local" name="pushNotificationTestcasesPrepaid.TC003_pushNotification_Transfer_Prepaid" tests="8" failures="0" timestamp="5 Jan 2020 15:37:17 GMT" time="143.523" errors="0">
  <testcase name="Step1_mobileLogin" time="49.037" classname="pushNotificationTestcasesPrepaid.TC003_pushNotification_Transfer_Prepaid"/>
  <testcase name="Step5_ValidateTheTransferPage_Backround" time="20.821" classname="pushNotificationTestcasesPrepaid.TC003_pushNotification_Transfer_Prepaid"/>
  <testcase name="Step4_HandlePushNotification_FromBackground" time="2.983" classname="pushNotificationTestcasesPrepaid.TC003_pushNotification_Transfer_Prepaid"/>
  <testcase name="Step6_HandlePushNotificationFromFrontgound_AfterKillingTheApp" time="3.092" classname="pushNotificationTestcasesPrepaid.TC003_pushNotification_Transfer_Prepaid"/>
  <testcase name="Step7_ValidateTheTransferPage_AfterKillingTheApp" time="20.278" classname="pushNotificationTestcasesPrepaid.TC003_pushNotification_Transfer_Prepaid"/>
  <testcase name="Step8_MobileLogout" time="22.829" classname="pushNotificationTestcasesPrepaid.TC003_pushNotification_Transfer_Prepaid"/>
  <testcase name="Step3_ValidateTheTransferPage_FrontGround" time="20.379" classname="pushNotificationTestcasesPrepaid.TC003_pushNotification_Transfer_Prepaid"/>
  <testcase name="Step2_HandlePushNotificationFromForeground" time="4.104" classname="pushNotificationTestcasesPrepaid.TC003_pushNotification_Transfer_Prepaid"/>
</testsuite> <!-- pushNotificationTestcasesPrepaid.TC003_pushNotification_Transfer_Prepaid -->
