<?xml version="1.0" encoding="UTF-8"?>
<!-- Generated by org.testng.reporters.JUnitReportReporter -->
<testsuite hostname="Medhats-MacBook-Pro.local" name="newLoginScenarios.CableScenarios_Stubs.TC019_Stubs_Cable_Fail_Info_Get_Post_With500And504And510And405" tests="29" failures="0" timestamp="31 Jan 2020 23:37:32 GMT" time="895.292" errors="0">
  <testcase name="Step18_ValidteBlockingScreen" time="12.959" classname="newLoginScenarios.CableScenarios_Stubs.TC019_Stubs_Cable_Fail_Info_Get_Post_With500And504And510And405"/>
  <testcase name="Step11_ValidteBlockingScreen" time="11.670" classname="newLoginScenarios.CableScenarios_Stubs.TC019_Stubs_Cable_Fail_Info_Get_Post_With500And504And510And405"/>
  <testcase name="Step29_SetFCInfoPostWith200AndValidateGDBR" time="58.876" classname="newLoginScenarios.CableScenarios_Stubs.TC019_Stubs_Cable_Fail_Info_Get_Post_With500And504And510And405"/>
  <testcase name="Step19_SetFCInfoGetWith200AndValidateGDBR" time="43.741" classname="newLoginScenarios.CableScenarios_Stubs.TC019_Stubs_Cable_Fail_Info_Get_Post_With500And504And510And405"/>
  <testcase name="Step22_SetFCInfoPostWith200AndValidateGDBR" time="57.839" classname="newLoginScenarios.CableScenarios_Stubs.TC019_Stubs_Cable_Fail_Info_Get_Post_With500And504And510And405"/>
  <testcase name="Step4_ValidteBlockingScreen" time="11.027" classname="newLoginScenarios.CableScenarios_Stubs.TC019_Stubs_Cable_Fail_Info_Get_Post_With500And504And510And405"/>
  <testcase name="Step9_LaunchTheAppAndLoginWithCableUser" time="14.493" classname="newLoginScenarios.CableScenarios_Stubs.TC019_Stubs_Cable_Fail_Info_Get_Post_With500And504And510And405"/>
  <testcase name="Step17_FailFcInfoGetWithErrorCode500" time="39.246" classname="newLoginScenarios.CableScenarios_Stubs.TC019_Stubs_Cable_Fail_Info_Get_Post_With500And504And510And405"/>
  <testcase name="Step16_LaunchTheAppAndLoginWithCableUser" time="13.505" classname="newLoginScenarios.CableScenarios_Stubs.TC019_Stubs_Cable_Fail_Info_Get_Post_With500And504And510And405"/>
  <testcase name="Step14_ValidteBlockingScreen" time="7.209" classname="newLoginScenarios.CableScenarios_Stubs.TC019_Stubs_Cable_Fail_Info_Get_Post_With500And504And510And405"/>
  <testcase name="Step12_SetFCInfoGetWith200AndValidateGDBR" time="41.661" classname="newLoginScenarios.CableScenarios_Stubs.TC019_Stubs_Cable_Fail_Info_Get_Post_With500And504And510And405"/>
  <testcase name="Step27_FailFcInfoPostWithErrorCode504" time="39.000" classname="newLoginScenarios.CableScenarios_Stubs.TC019_Stubs_Cable_Fail_Info_Get_Post_With500And504And510And405"/>
  <testcase name="Step8_SetFCInfoPostWith200AndValidateGDBR" time="58.382" classname="newLoginScenarios.CableScenarios_Stubs.TC019_Stubs_Cable_Fail_Info_Get_Post_With500And504And510And405"/>
  <testcase name="Step1_SetUserDataToBeCableUser" time="34.705" classname="newLoginScenarios.CableScenarios_Stubs.TC019_Stubs_Cable_Fail_Info_Get_Post_With500And504And510And405"/>
  <testcase name="Step3_FailFcInfoGetWithErrorCode404" time="36.153" classname="newLoginScenarios.CableScenarios_Stubs.TC019_Stubs_Cable_Fail_Info_Get_Post_With500And504And510And405"/>
  <testcase name="Step10_FailFcInfoGetWithErrorCode510" time="36.637" classname="newLoginScenarios.CableScenarios_Stubs.TC019_Stubs_Cable_Fail_Info_Get_Post_With500And504And510And405"/>
  <testcase name="Step24_FailFcInfoGetWithErrorCode504" time="36.878" classname="newLoginScenarios.CableScenarios_Stubs.TC019_Stubs_Cable_Fail_Info_Get_Post_With500And504And510And405"/>
  <testcase name="Step28_ValidteBlockingScreen" time="5.803" classname="newLoginScenarios.CableScenarios_Stubs.TC019_Stubs_Cable_Fail_Info_Get_Post_With500And504And510And405"/>
  <testcase name="Step26_SetFCInfoGetWith200AndValidateGDBR" time="49.122" classname="newLoginScenarios.CableScenarios_Stubs.TC019_Stubs_Cable_Fail_Info_Get_Post_With500And504And510And405"/>
  <testcase name="Step6_FailFcInfoPostWithErrorCode404" time="36.631" classname="newLoginScenarios.CableScenarios_Stubs.TC019_Stubs_Cable_Fail_Info_Get_Post_With500And504And510And405"/>
  <testcase name="Step13_FailFcInfoPostWithErrorCode510" time="45.687" classname="newLoginScenarios.CableScenarios_Stubs.TC019_Stubs_Cable_Fail_Info_Get_Post_With500And504And510And405"/>
  <testcase name="Step5_SetFCInfoGetWith200AndValidateGDBR" time="42.563" classname="newLoginScenarios.CableScenarios_Stubs.TC019_Stubs_Cable_Fail_Info_Get_Post_With500And504And510And405"/>
  <testcase name="Step23_LaunchTheAppAndLoginWithCableUser" time="15.387" classname="newLoginScenarios.CableScenarios_Stubs.TC019_Stubs_Cable_Fail_Info_Get_Post_With500And504And510And405"/>
  <testcase name="Step2_LaunchTheAppAndLoginWithCableUser" time="18.453" classname="newLoginScenarios.CableScenarios_Stubs.TC019_Stubs_Cable_Fail_Info_Get_Post_With500And504And510And405"/>
  <testcase name="Step7_ValidteBlockingScreen" time="4.909" classname="newLoginScenarios.CableScenarios_Stubs.TC019_Stubs_Cable_Fail_Info_Get_Post_With500And504And510And405"/>
  <testcase name="Step15_SetFCInfoPostWith200AndValidateGDBR" time="68.217" classname="newLoginScenarios.CableScenarios_Stubs.TC019_Stubs_Cable_Fail_Info_Get_Post_With500And504And510And405"/>
  <testcase name="Step21_ValidteBlockingScreen" time="5.647" classname="newLoginScenarios.CableScenarios_Stubs.TC019_Stubs_Cable_Fail_Info_Get_Post_With500And504And510And405"/>
  <testcase name="Step25_ValidteBlockingScreen" time="10.582" classname="newLoginScenarios.CableScenarios_Stubs.TC019_Stubs_Cable_Fail_Info_Get_Post_With500And504And510And405"/>
  <testcase name="Step20_FailFcInfoPostWithErrorCode500" time="38.310" classname="newLoginScenarios.CableScenarios_Stubs.TC019_Stubs_Cable_Fail_Info_Get_Post_With500And504And510And405"/>
</testsuite> <!-- newLoginScenarios.CableScenarios_Stubs.TC019_Stubs_Cable_Fail_Info_Get_Post_With500And504And510And405 -->
