<?xml version="1.0" encoding="UTF-8"?>
<!-- Generated by org.testng.reporters.JUnitReportReporter -->
<testsuite hostname="Medhats-MacBook-Pro.local" name="sandboxTestCases.UpdateSandBox" tests="1" failures="0" timestamp="15 Jan 2020 11:40:55 GMT" time="17.560" errors="0">
  <testcase name="updateSandBox" time="17.560" classname="sandboxTestCases.UpdateSandBox"/>
</testsuite> <!-- sandboxTestCases.UpdateSandBox -->
