<?xml version="1.0" encoding="UTF-8"?>
<!-- Generated by org.testng.reporters.JUnitReportReporter -->
<testsuite hostname="Medhats-MacBook-Pro.local" name="newLoginScenarios.DSLScenarios_Stubs.TC030_Stubs_DSL_FailDataRequestWith401" tests="4" failures="0" timestamp="20 Jan 2020 13:11:11 GMT" time="112.651" errors="0">
  <testcase name="Step2_userDataResponseWithErrorCode401" time="29.950" classname="newLoginScenarios.DSLScenarios_Stubs.TC030_Stubs_DSL_FailDataRequestWith401"/>
  <testcase name="Step1_LaunchTheAppAndOpenDSLTab" time="13.208" classname="newLoginScenarios.DSLScenarios_Stubs.TC030_Stubs_DSL_FailDataRequestWith401"/>
  <testcase name="Step3_ValidteBlockingScreen" time="6.269" classname="newLoginScenarios.DSLScenarios_Stubs.TC030_Stubs_DSL_FailDataRequestWith401"/>
  <testcase name="Step4_SetUserDataResponseWith200AndValidateGDBR" time="63.224" classname="newLoginScenarios.DSLScenarios_Stubs.TC030_Stubs_DSL_FailDataRequestWith401"/>
</testsuite> <!-- newLoginScenarios.DSLScenarios_Stubs.TC030_Stubs_DSL_FailDataRequestWith401 -->
