<?xml version="1.0" encoding="UTF-8"?>
<!-- Generated by org.testng.reporters.JUnitReportReporter -->
<testsuite hostname="Medhats-MacBook-Pro.local" name="newLoginScenarios.CableScenarios_Stubs.TC025_Stubs_DSL_Fail_Info_Get_Post_With401" tests="7" failures="0" timestamp="23 Jan 2020 17:31:47 GMT" time="199.320" errors="0">
  <testcase name="Step2_FailFcInfoGetWithErrorCode401" time="36.783" classname="newLoginScenarios.CableScenarios_Stubs.TC025_Stubs_DSL_Fail_Info_Get_Post_With401"/>
  <testcase name="Step6_ValidteBlockingScreen" time="6.315" classname="newLoginScenarios.CableScenarios_Stubs.TC025_Stubs_DSL_Fail_Info_Get_Post_With401"/>
  <testcase name="Step3_ValidteBlockingScreen" time="9.629" classname="newLoginScenarios.CableScenarios_Stubs.TC025_Stubs_DSL_Fail_Info_Get_Post_With401"/>
  <testcase name="Step5_FailFcInfoPostWithErrorCode401" time="33.439" classname="newLoginScenarios.CableScenarios_Stubs.TC025_Stubs_DSL_Fail_Info_Get_Post_With401"/>
  <testcase name="Step4_SetFCInfoGetWith200AndValidateGDBR" time="43.815" classname="newLoginScenarios.CableScenarios_Stubs.TC025_Stubs_DSL_Fail_Info_Get_Post_With401"/>
  <testcase name="Step1_LaunchTheAppAndLoginWithDSLUser" time="14.986" classname="newLoginScenarios.CableScenarios_Stubs.TC025_Stubs_DSL_Fail_Info_Get_Post_With401"/>
  <testcase name="Step7_SetFCInfoGetWith200AndValidateGDBR" time="54.353" classname="newLoginScenarios.CableScenarios_Stubs.TC025_Stubs_DSL_Fail_Info_Get_Post_With401"/>
</testsuite> <!-- newLoginScenarios.CableScenarios_Stubs.TC025_Stubs_DSL_Fail_Info_Get_Post_With401 -->
