<?xml version="1.0" encoding="UTF-8"?>
<!-- Generated by org.testng.reporters.JUnitReportReporter -->
<testsuite hostname="Medhats-MacBook-Pro.local" name="tests.TC002_pushNotification_44055_Recharge" tests="8" failures="0" timestamp="18 Dec 2019 10:20:11 GMT" time="170.317" errors="0">
  <testcase name="Step3_ValidateTheRechargePage_FrontGround" time="19.636" classname="tests.TC002_pushNotification_44055_Recharge"/>
  <testcase name="mobileLogout" time="22.326" classname="tests.TC002_pushNotification_44055_Recharge"/>
  <testcase name="Step6_HandlePushNotificationFromFrontgound_AfterKillingTheApp" time="18.017" classname="tests.TC002_pushNotification_44055_Recharge"/>
  <testcase name="Step5_ValidateTheRechargePage_Backround" time="31.470" classname="tests.TC002_pushNotification_44055_Recharge"/>
  <testcase name="Step1_mobileLogin" time="23.205" classname="tests.TC002_pushNotification_44055_Recharge"/>
  <testcase name="Step4_HandlePushNotification_FromBackground" time="18.054" classname="tests.TC002_pushNotification_44055_Recharge"/>
  <testcase name="Step7_ValidateTheRechargePage_Backround" time="29.843" classname="tests.TC002_pushNotification_44055_Recharge"/>
  <testcase name="Step2_HandlePushNotificationFromFrontgound" time="7.766" classname="tests.TC002_pushNotification_44055_Recharge"/>
</testsuite> <!-- tests.TC002_pushNotification_44055_Recharge -->
