<?xml version="1.0" encoding="UTF-8"?>
<!-- Generated by org.testng.reporters.JUnitReportReporter -->
<testsuite hostname="Medhats-MacBook-Pro.local" name="newLoginScenarios.CableScenarios_Stubs.TC027_Stubs_Cable_FailStartSessionWith500And510And504" tests="13" failures="0" timestamp="28 Jan 2020 23:33:57 GMT" time="395.505" errors="0">
  <testcase name="Step10_LaunchTheAppAndOpenDSL_CableTab" time="12.080" classname="newLoginScenarios.CableScenarios_Stubs.TC027_Stubs_Cable_FailStartSessionWith500And510And504"/>
  <testcase name="Step7_FailStartSessionWithErrorCode504" time="34.693" classname="newLoginScenarios.CableScenarios_Stubs.TC027_Stubs_Cable_FailStartSessionWith500And510And504"/>
  <testcase name="Step2_SetUserDataToBeCableUser" time="33.420" classname="newLoginScenarios.CableScenarios_Stubs.TC027_Stubs_Cable_FailStartSessionWith500And510And504"/>
  <testcase name="Step8_ValidteBlockingScreen" time="6.042" classname="newLoginScenarios.CableScenarios_Stubs.TC027_Stubs_Cable_FailStartSessionWith500And510And504"/>
  <testcase name="Step12_ValidteBlockingScreen" time="5.891" classname="newLoginScenarios.CableScenarios_Stubs.TC027_Stubs_Cable_FailStartSessionWith500And510And504"/>
  <testcase name="Step13_SetStartSessionWith200AndValidateGDBR" time="61.489" classname="newLoginScenarios.CableScenarios_Stubs.TC027_Stubs_Cable_FailStartSessionWith500And510And504"/>
  <testcase name="Step6_LaunchTheAppAndOpenDSL_CableTab" time="11.532" classname="newLoginScenarios.CableScenarios_Stubs.TC027_Stubs_Cable_FailStartSessionWith500And510And504"/>
  <testcase name="Step9_SetStartSessionWith200AndValidateGDBR" time="64.830" classname="newLoginScenarios.CableScenarios_Stubs.TC027_Stubs_Cable_FailStartSessionWith500And510And504"/>
  <testcase name="Step11_FailStartSessionWithErrorCode510" time="33.918" classname="newLoginScenarios.CableScenarios_Stubs.TC027_Stubs_Cable_FailStartSessionWith500And510And504"/>
  <testcase name="Step5_SetStartSessionWith200AndValidateGDBR" time="77.790" classname="newLoginScenarios.CableScenarios_Stubs.TC027_Stubs_Cable_FailStartSessionWith500And510And504"/>
  <testcase name="Step1_LaunchTheAppAndOpenDSL_CableTab" time="12.517" classname="newLoginScenarios.CableScenarios_Stubs.TC027_Stubs_Cable_FailStartSessionWith500And510And504"/>
  <testcase name="Step4_ValidteBlockingScreen" time="6.441" classname="newLoginScenarios.CableScenarios_Stubs.TC027_Stubs_Cable_FailStartSessionWith500And510And504"/>
  <testcase name="Step3_FailStartSessionWithErrorCode500" time="34.862" classname="newLoginScenarios.CableScenarios_Stubs.TC027_Stubs_Cable_FailStartSessionWith500And510And504"/>
</testsuite> <!-- newLoginScenarios.CableScenarios_Stubs.TC027_Stubs_Cable_FailStartSessionWith500And510And504 -->
