<?xml version="1.0" encoding="UTF-8"?>
<!-- Generated by org.testng.reporters.JUnitReportReporter -->
<testsuite hostname="Medhats-MacBook-Pro.local" name="newLoginScenarios.CableScenarios_Stubs.TC022_Stubs_DSL_Fail_Info_Get_Post_With403And405And415" tests="21" failures="0" timestamp="23 Jan 2020 17:19:27 GMT" time="640.540" errors="0">
  <testcase name="Step6_ValidteBlockingScreen" time="6.300" classname="newLoginScenarios.CableScenarios_Stubs.TC022_Stubs_DSL_Fail_Info_Get_Post_With403And405And415"/>
  <testcase name="Step3_ValidteBlockingScreen" time="9.429" classname="newLoginScenarios.CableScenarios_Stubs.TC022_Stubs_DSL_Fail_Info_Get_Post_With403And405And415"/>
  <testcase name="Step8_LaunchTheAppAndLoginWithDSLUser" time="14.191" classname="newLoginScenarios.CableScenarios_Stubs.TC022_Stubs_DSL_Fail_Info_Get_Post_With403And405And415"/>
  <testcase name="Step1_LaunchTheAppAndLoginWithDSLUser" time="15.180" classname="newLoginScenarios.CableScenarios_Stubs.TC022_Stubs_DSL_Fail_Info_Get_Post_With403And405And415"/>
  <testcase name="Step11_SetFCInfoGetWith200AndValidateGDBR" time="35.123" classname="newLoginScenarios.CableScenarios_Stubs.TC022_Stubs_DSL_Fail_Info_Get_Post_With403And405And415"/>
  <testcase name="Step7_SetFCInfoGetWith200AndValidateGDBR" time="68.440" classname="newLoginScenarios.CableScenarios_Stubs.TC022_Stubs_DSL_Fail_Info_Get_Post_With403And405And415"/>
  <testcase name="Step18_SetFCInfoGetWith200AndValidateGDBR" time="59.727" classname="newLoginScenarios.CableScenarios_Stubs.TC022_Stubs_DSL_Fail_Info_Get_Post_With403And405And415"/>
  <testcase name="Step21_SetFCInfoGetWith200AndValidateGDBR" time="56.539" classname="newLoginScenarios.CableScenarios_Stubs.TC022_Stubs_DSL_Fail_Info_Get_Post_With403And405And415"/>
  <testcase name="Step20_ValidteBlockingScreen" time="5.948" classname="newLoginScenarios.CableScenarios_Stubs.TC022_Stubs_DSL_Fail_Info_Get_Post_With403And405And415"/>
  <testcase name="Step4_SetFCInfoGetWith200AndValidateGDBR" time="50.970" classname="newLoginScenarios.CableScenarios_Stubs.TC022_Stubs_DSL_Fail_Info_Get_Post_With403And405And415"/>
  <testcase name="Step9_FailFcInfoGetWithErrorCode405" time="40.617" classname="newLoginScenarios.CableScenarios_Stubs.TC022_Stubs_DSL_Fail_Info_Get_Post_With403And405And415"/>
  <testcase name="Step17_ValidteBlockingScreen" time="9.493" classname="newLoginScenarios.CableScenarios_Stubs.TC022_Stubs_DSL_Fail_Info_Get_Post_With403And405And415"/>
  <testcase name="Step10_ValidteBlockingScreen" time="9.459" classname="newLoginScenarios.CableScenarios_Stubs.TC022_Stubs_DSL_Fail_Info_Get_Post_With403And405And415"/>
  <testcase name="Step12_FailFcInfoPostWithErrorCode405" time="34.097" classname="newLoginScenarios.CableScenarios_Stubs.TC022_Stubs_DSL_Fail_Info_Get_Post_With403And405And415"/>
  <testcase name="Step14_SetFCInfoGetWith200AndValidateGDBR" time="55.504" classname="newLoginScenarios.CableScenarios_Stubs.TC022_Stubs_DSL_Fail_Info_Get_Post_With403And405And415"/>
  <testcase name="Step5_FailFcInfoPostWithErrorCode404" time="29.768" classname="newLoginScenarios.CableScenarios_Stubs.TC022_Stubs_DSL_Fail_Info_Get_Post_With403And405And415"/>
  <testcase name="Step16_FailFcInfoGetWithErrorCode415" time="45.343" classname="newLoginScenarios.CableScenarios_Stubs.TC022_Stubs_DSL_Fail_Info_Get_Post_With403And405And415"/>
  <testcase name="Step2_FailFcInfoGetWithErrorCode403" time="29.229" classname="newLoginScenarios.CableScenarios_Stubs.TC022_Stubs_DSL_Fail_Info_Get_Post_With403And405And415"/>
  <testcase name="Step13_ValidteBlockingScreen" time="6.115" classname="newLoginScenarios.CableScenarios_Stubs.TC022_Stubs_DSL_Fail_Info_Get_Post_With403And405And415"/>
  <testcase name="Step19_FailFcInfoPostWithErrorCode415" time="44.853" classname="newLoginScenarios.CableScenarios_Stubs.TC022_Stubs_DSL_Fail_Info_Get_Post_With403And405And415"/>
  <testcase name="Step15_LaunchTheAppAndLoginWithDSLUser" time="14.215" classname="newLoginScenarios.CableScenarios_Stubs.TC022_Stubs_DSL_Fail_Info_Get_Post_With403And405And415"/>
</testsuite> <!-- newLoginScenarios.CableScenarios_Stubs.TC022_Stubs_DSL_Fail_Info_Get_Post_With403And405And415 -->
