<?xml version="1.0" encoding="UTF-8"?>
<!-- Generated by org.testng.reporters.JUnitReportReporter -->
<testsuite hostname="Medhats-MacBook-Pro.local" name="pushNotificationTestcasesPrepaid.TC011_pushNotification_Home_Prepaid" tests="8" failures="0" timestamp="5 Jan 2020 15:36:17 GMT" time="97.086" errors="0">
  <testcase name="Step7_ValidateTheHomePage_AfterKillingTheApp" time="8.200" classname="pushNotificationTestcasesPrepaid.TC011_pushNotification_Home_Prepaid"/>
  <testcase name="Step2_HandlePushNotificationFromForeground" time="3.346" classname="pushNotificationTestcasesPrepaid.TC011_pushNotification_Home_Prepaid"/>
  <testcase name="Step8_MobileLogout" time="23.813" classname="pushNotificationTestcasesPrepaid.TC011_pushNotification_Home_Prepaid"/>
  <testcase name="Step1_mobileLogin" time="38.648" classname="pushNotificationTestcasesPrepaid.TC011_pushNotification_Home_Prepaid"/>
  <testcase name="Step6_HandlePushNotificationFromFrontgound_AfterKillingTheApp" time="3.399" classname="pushNotificationTestcasesPrepaid.TC011_pushNotification_Home_Prepaid"/>
  <testcase name="Step5_ValidateTheHomePage_Backround" time="8.516" classname="pushNotificationTestcasesPrepaid.TC011_pushNotification_Home_Prepaid"/>
  <testcase name="Step3_ValidateTheHomePage_FrontGround" time="8.179" classname="pushNotificationTestcasesPrepaid.TC011_pushNotification_Home_Prepaid"/>
  <testcase name="Step4_HandlePushNotification_FromBackground" time="2.985" classname="pushNotificationTestcasesPrepaid.TC011_pushNotification_Home_Prepaid"/>
</testsuite> <!-- pushNotificationTestcasesPrepaid.TC011_pushNotification_Home_Prepaid -->
