<?xml version="1.0" encoding="UTF-8"?>
<!-- Generated by org.testng.reporters.JUnitReportReporter -->
<testsuite hostname="Medhats-MacBook-Pro.local" name="pushNotificationTescasesDSL.TC013_pushNotification_MeinTariffNewMapping_DSL_Postpaid" tests="8" failures="0" timestamp="5 Jan 2020 11:45:03 GMT" time="294.269" errors="0">
  <testcase name="Step4_HandlePushNotification_FromBackground" time="18.343" classname="pushNotificationTescasesDSL.TC013_pushNotification_MeinTariffNewMapping_DSL_Postpaid"/>
  <testcase name="Step7_ValidateTheTariffDeeplinkAction_AfterKillingTheApp" time="69.495" classname="pushNotificationTescasesDSL.TC013_pushNotification_MeinTariffNewMapping_DSL_Postpaid"/>
  <testcase name="Step2_HandlePushNotificationFromForeground" time="3.457" classname="pushNotificationTescasesDSL.TC013_pushNotification_MeinTariffNewMapping_DSL_Postpaid"/>
  <testcase name="Step5_ValidateTheTariffDeeplinkAction_Backround" time="69.823" classname="pushNotificationTescasesDSL.TC013_pushNotification_MeinTariffNewMapping_DSL_Postpaid"/>
  <testcase name="Stepd1_dslLogin" time="41.193" classname="pushNotificationTescasesDSL.TC013_pushNotification_MeinTariffNewMapping_DSL_Postpaid"/>
  <testcase name="Step6_HandlePushNotificationFromFrontgound_AfterKillingTheApp" time="18.342" classname="pushNotificationTescasesDSL.TC013_pushNotification_MeinTariffNewMapping_DSL_Postpaid"/>
  <testcase name="Step3_ValidateTheTariffDeeplinkAction_FrontGround" time="48.125" classname="pushNotificationTescasesDSL.TC013_pushNotification_MeinTariffNewMapping_DSL_Postpaid"/>
  <testcase name="Step8_dslLogout" time="25.491" classname="pushNotificationTescasesDSL.TC013_pushNotification_MeinTariffNewMapping_DSL_Postpaid"/>
</testsuite> <!-- pushNotificationTescasesDSL.TC013_pushNotification_MeinTariffNewMapping_DSL_Postpaid -->
