<?xml version="1.0" encoding="UTF-8"?>
<!-- Generated by org.testng.reporters.JUnitReportReporter -->
<testsuite hostname="Medhats-MacBook-Pro.local" name="newLoginScenarios.PostPaidScenarios_Stubs.TC002_Postpaid_PermissionsScreen_ErrorHandling_FailFCAPIGET_401" tests="4" failures="0" timestamp="15 Jan 2020 19:09:41 GMT" time="97.204" errors="0">
  <testcase name="Step2_FCAPIWithErrorCode401" time="31.187" classname="newLoginScenarios.PostPaidScenarios_Stubs.TC002_Postpaid_PermissionsScreen_ErrorHandling_FailFCAPIGET_401"/>
  <testcase name="Step4_ValidteBlockingScreen" time="24.501" classname="newLoginScenarios.PostPaidScenarios_Stubs.TC002_Postpaid_PermissionsScreen_ErrorHandling_FailFCAPIGET_401"/>
  <testcase name="Step1_LaunchTheAppAndOpenMobileTab" time="13.518" classname="newLoginScenarios.PostPaidScenarios_Stubs.TC002_Postpaid_PermissionsScreen_ErrorHandling_FailFCAPIGET_401"/>
  <testcase name="Step5_SetFCAPIResponseWith200AndValidateGDBR" time="27.998" classname="newLoginScenarios.PostPaidScenarios_Stubs.TC002_Postpaid_PermissionsScreen_ErrorHandling_FailFCAPIGET_401"/>
</testsuite> <!-- newLoginScenarios.PostPaidScenarios_Stubs.TC002_Postpaid_PermissionsScreen_ErrorHandling_FailFCAPIGET_401 -->
