<?xml version="1.0" encoding="UTF-8"?>
<!-- Generated by org.testng.reporters.JUnitReportReporter -->
<testsuite hostname="Medhats-MacBook-Pro.local" name="newLoginScenarios.DSLScenarios_Stubs.TC005_Stubs_DSL_PermissionScreen_FailFCIDENTWith500And510And504And404" tests="16" failures="0" timestamp="20 Jan 2020 13:10:46 GMT" time="450.908" errors="0">
  <testcase name="Step9_LaunchTheAppAndOpenDSLTab" time="12.747" classname="newLoginScenarios.DSLScenarios_Stubs.TC005_Stubs_DSL_PermissionScreen_FailFCIDENTWith500And510And504And404"/>
  <testcase name="Step2_FailFCIDENTWithErrorCode500" time="30.183" classname="newLoginScenarios.DSLScenarios_Stubs.TC005_Stubs_DSL_PermissionScreen_FailFCIDENTWith500And510And504And404"/>
  <testcase name="Step6_FailFCIDENTWithErrorCode504" time="28.471" classname="newLoginScenarios.DSLScenarios_Stubs.TC005_Stubs_DSL_PermissionScreen_FailFCIDENTWith500And510And504And404"/>
  <testcase name="Step16_SetFCIDENTWith200AndValidateGDBR" time="60.024" classname="newLoginScenarios.DSLScenarios_Stubs.TC005_Stubs_DSL_PermissionScreen_FailFCIDENTWith500And510And504And404"/>
  <testcase name="Step14_FailFCIDENTWithErrorCode510" time="29.109" classname="newLoginScenarios.DSLScenarios_Stubs.TC005_Stubs_DSL_PermissionScreen_FailFCIDENTWith500And510And504And404"/>
  <testcase name="Step5_LaunchTheAppAndOpenDSLTab" time="13.112" classname="newLoginScenarios.DSLScenarios_Stubs.TC005_Stubs_DSL_PermissionScreen_FailFCIDENTWith500And510And504And404"/>
  <testcase name="Step13_LaunchTheAppAndOpenDSLTab" time="12.949" classname="newLoginScenarios.DSLScenarios_Stubs.TC005_Stubs_DSL_PermissionScreen_FailFCIDENTWith500And510And504And404"/>
  <testcase name="Step11_ValidteBlockingScreen" time="9.870" classname="newLoginScenarios.DSLScenarios_Stubs.TC005_Stubs_DSL_PermissionScreen_FailFCIDENTWith500And510And504And404"/>
  <testcase name="Step7_ValidteBlockingScreen" time="10.153" classname="newLoginScenarios.DSLScenarios_Stubs.TC005_Stubs_DSL_PermissionScreen_FailFCIDENTWith500And510And504And404"/>
  <testcase name="Step4_SetFCIDENTWith200AndValidateGDBR" time="61.508" classname="newLoginScenarios.DSLScenarios_Stubs.TC005_Stubs_DSL_PermissionScreen_FailFCIDENTWith500And510And504And404"/>
  <testcase name="Step1_LaunchTheAppAndOpenDSLTab" time="13.941" classname="newLoginScenarios.DSLScenarios_Stubs.TC005_Stubs_DSL_PermissionScreen_FailFCIDENTWith500And510And504And404"/>
  <testcase name="Step15_ValidteBlockingScreen" time="9.637" classname="newLoginScenarios.DSLScenarios_Stubs.TC005_Stubs_DSL_PermissionScreen_FailFCIDENTWith500And510And504And404"/>
  <testcase name="Step12_SetFCIDENTWith200AndValidateGDBR" time="59.558" classname="newLoginScenarios.DSLScenarios_Stubs.TC005_Stubs_DSL_PermissionScreen_FailFCIDENTWith500And510And504And404"/>
  <testcase name="Step3_ValidteBlockingScreen" time="10.439" classname="newLoginScenarios.DSLScenarios_Stubs.TC005_Stubs_DSL_PermissionScreen_FailFCIDENTWith500And510And504And404"/>
  <testcase name="Step8_SetFCIDENTWith200AndValidateGDBR" time="60.104" classname="newLoginScenarios.DSLScenarios_Stubs.TC005_Stubs_DSL_PermissionScreen_FailFCIDENTWith500And510And504And404"/>
  <testcase name="Step10_FailFCIDENTWithErrorCode510" time="29.103" classname="newLoginScenarios.DSLScenarios_Stubs.TC005_Stubs_DSL_PermissionScreen_FailFCIDENTWith500And510And504And404"/>
</testsuite> <!-- newLoginScenarios.DSLScenarios_Stubs.TC005_Stubs_DSL_PermissionScreen_FailFCIDENTWith500And510And504And404 -->
