<?xml version="1.0" encoding="UTF-8"?>
<!-- Generated by org.testng.reporters.JUnitReportReporter -->
<testsuite hostname="Medhats-MacBook-Pro.local" name="newLoginScenarios.DSLScenarios_Stubs.TC028_Stubs_DSL_FailStartSessionWith403And402And401" tests="12" failures="0" timestamp="20 Jan 2020 13:11:06 GMT" time="337.212" errors="0">
  <testcase name="Step2_FailStartSessionWithErrorCode401" time="29.352" classname="newLoginScenarios.DSLScenarios_Stubs.TC028_Stubs_DSL_FailStartSessionWith403And402And401"/>
  <testcase name="Step11_ValidteBlockingScreen" time="5.936" classname="newLoginScenarios.DSLScenarios_Stubs.TC028_Stubs_DSL_FailStartSessionWith403And402And401"/>
  <testcase name="Step1_LaunchTheAppAndOpenDSLTab" time="13.237" classname="newLoginScenarios.DSLScenarios_Stubs.TC028_Stubs_DSL_FailStartSessionWith403And402And401"/>
  <testcase name="Step5_LaunchTheAppAndOpenDSLTab" time="12.756" classname="newLoginScenarios.DSLScenarios_Stubs.TC028_Stubs_DSL_FailStartSessionWith403And402And401"/>
  <testcase name="Step9_LaunchTheAppAndOpenDSLTab" time="12.995" classname="newLoginScenarios.DSLScenarios_Stubs.TC028_Stubs_DSL_FailStartSessionWith403And402And401"/>
  <testcase name="Step10_FailStartSessionWithErrorCode403" time="29.607" classname="newLoginScenarios.DSLScenarios_Stubs.TC028_Stubs_DSL_FailStartSessionWith403And402And401"/>
  <testcase name="Step6_FailStartSessionWithErrorCode402" time="31.492" classname="newLoginScenarios.DSLScenarios_Stubs.TC028_Stubs_DSL_FailStartSessionWith403And402And401"/>
  <testcase name="Step3_ValidteBlockingScreen" time="6.042" classname="newLoginScenarios.DSLScenarios_Stubs.TC028_Stubs_DSL_FailStartSessionWith403And402And401"/>
  <testcase name="Step4_SetStartSessionWith200AndValidateGDBR" time="65.836" classname="newLoginScenarios.DSLScenarios_Stubs.TC028_Stubs_DSL_FailStartSessionWith403And402And401"/>
  <testcase name="Step12_SetStartSessionWith200AndValidateGDBR" time="61.467" classname="newLoginScenarios.DSLScenarios_Stubs.TC028_Stubs_DSL_FailStartSessionWith403And402And401"/>
  <testcase name="Step8_SetStartSessionWith200AndValidateGDBR" time="63.181" classname="newLoginScenarios.DSLScenarios_Stubs.TC028_Stubs_DSL_FailStartSessionWith403And402And401"/>
  <testcase name="Step7_ValidteBlockingScreen" time="5.311" classname="newLoginScenarios.DSLScenarios_Stubs.TC028_Stubs_DSL_FailStartSessionWith403And402And401"/>
</testsuite> <!-- newLoginScenarios.DSLScenarios_Stubs.TC028_Stubs_DSL_FailStartSessionWith403And402And401 -->
