<?xml version="1.0" encoding="UTF-8"?>
<!-- Generated by org.testng.reporters.JUnitReportReporter -->
<testsuite hostname="Medhats-MacBook-Pro.local" name="newLoginScenarios.CableScenarios_Stubs.TC022_Stubs_Cable_Fail_Info_Get_Post_With403And405And415" tests="22" failures="0" timestamp="31 Jan 2020 23:50:22 GMT" time="663.023" errors="0">
  <testcase name="Step9_LaunchTheAppAndLoginWithCableUser" time="16.645" classname="newLoginScenarios.CableScenarios_Stubs.TC022_Stubs_Cable_Fail_Info_Get_Post_With403And405And415"/>
  <testcase name="Step19_SetFCInfoGetWith200AndValidateGDBR" time="41.976" classname="newLoginScenarios.CableScenarios_Stubs.TC022_Stubs_Cable_Fail_Info_Get_Post_With403And405And415"/>
  <testcase name="Step14_ValidteBlockingScreen" time="5.369" classname="newLoginScenarios.CableScenarios_Stubs.TC022_Stubs_Cable_Fail_Info_Get_Post_With403And405And415"/>
  <testcase name="Step5_SetFCInfoGetWith200AndValidateGDBR" time="45.381" classname="newLoginScenarios.CableScenarios_Stubs.TC022_Stubs_Cable_Fail_Info_Get_Post_With403And405And415"/>
  <testcase name="Step13_FailFcInfoPostWithErrorCode405" time="37.300" classname="newLoginScenarios.CableScenarios_Stubs.TC022_Stubs_Cable_Fail_Info_Get_Post_With403And405And415"/>
  <testcase name="Step15_SetFCInfoPostWith200AndValidateGDBR" time="61.461" classname="newLoginScenarios.CableScenarios_Stubs.TC022_Stubs_Cable_Fail_Info_Get_Post_With403And405And415"/>
  <testcase name="Step21_ValidteBlockingScreen" time="5.943" classname="newLoginScenarios.CableScenarios_Stubs.TC022_Stubs_Cable_Fail_Info_Get_Post_With403And405And415"/>
  <testcase name="Step3_FailFcInfoGetWithErrorCode403" time="34.689" classname="newLoginScenarios.CableScenarios_Stubs.TC022_Stubs_Cable_Fail_Info_Get_Post_With403And405And415"/>
  <testcase name="Step8_SetFCInfoPostWith200AndValidateGDBR" time="60.727" classname="newLoginScenarios.CableScenarios_Stubs.TC022_Stubs_Cable_Fail_Info_Get_Post_With403And405And415"/>
  <testcase name="Step4_ValidteBlockingScreen" time="11.190" classname="newLoginScenarios.CableScenarios_Stubs.TC022_Stubs_Cable_Fail_Info_Get_Post_With403And405And415"/>
  <testcase name="Step16_LaunchTheAppAndLoginWithCableUser" time="13.939" classname="newLoginScenarios.CableScenarios_Stubs.TC022_Stubs_Cable_Fail_Info_Get_Post_With403And405And415"/>
  <testcase name="Step18_ValidteBlockingScreen" time="11.256" classname="newLoginScenarios.CableScenarios_Stubs.TC022_Stubs_Cable_Fail_Info_Get_Post_With403And405And415"/>
  <testcase name="Step12_SetFCInfoGetWith200AndValidateGDBR" time="42.331" classname="newLoginScenarios.CableScenarios_Stubs.TC022_Stubs_Cable_Fail_Info_Get_Post_With403And405And415"/>
  <testcase name="Step17_FailFcInfoGetWithErrorCode415" time="39.063" classname="newLoginScenarios.CableScenarios_Stubs.TC022_Stubs_Cable_Fail_Info_Get_Post_With403And405And415"/>
  <testcase name="Step1_SetUserDataToBeCableUser" time="36.870" classname="newLoginScenarios.CableScenarios_Stubs.TC022_Stubs_Cable_Fail_Info_Get_Post_With403And405And415"/>
  <testcase name="Step2_LaunchTheAppAndLoginWithCableUser" time="14.802" classname="newLoginScenarios.CableScenarios_Stubs.TC022_Stubs_Cable_Fail_Info_Get_Post_With403And405And415"/>
  <testcase name="Step11_ValidteBlockingScreen" time="10.950" classname="newLoginScenarios.CableScenarios_Stubs.TC022_Stubs_Cable_Fail_Info_Get_Post_With403And405And415"/>
  <testcase name="Step10_FailFcInfoGetWithErrorCode405" time="36.040" classname="newLoginScenarios.CableScenarios_Stubs.TC022_Stubs_Cable_Fail_Info_Get_Post_With403And405And415"/>
  <testcase name="Step20_FailFcInfoPostWithErrorCode415" time="36.739" classname="newLoginScenarios.CableScenarios_Stubs.TC022_Stubs_Cable_Fail_Info_Get_Post_With403And405And415"/>
  <testcase name="Step7_ValidteBlockingScreen" time="5.406" classname="newLoginScenarios.CableScenarios_Stubs.TC022_Stubs_Cable_Fail_Info_Get_Post_With403And405And415"/>
  <testcase name="Step22_SetFCInfoPostWith200AndValidateGDBR" time="57.787" classname="newLoginScenarios.CableScenarios_Stubs.TC022_Stubs_Cable_Fail_Info_Get_Post_With403And405And415"/>
  <testcase name="Step6_FailFcInfoPostWithErrorCode403" time="37.159" classname="newLoginScenarios.CableScenarios_Stubs.TC022_Stubs_Cable_Fail_Info_Get_Post_With403And405And415"/>
</testsuite> <!-- newLoginScenarios.CableScenarios_Stubs.TC022_Stubs_Cable_Fail_Info_Get_Post_With403And405And415 -->
