<?xml version="1.0" encoding="UTF-8"?>
<!-- Generated by org.testng.reporters.JUnitReportReporter -->
<testsuite hostname="Medhats-MacBook-Pro.local" name="homePostpaid.actualCostTCs.TC008_ActualCost_ALM" tests="1" failures="0" timestamp="2 Feb 2020 15:04:07 GMT" time="2.977" errors="0">
  <testcase name="Step1_uploadRequiredCMS" time="2.977" classname="homePostpaid.actualCostTCs.TC008_ActualCost_ALM"/>
</testsuite> <!-- homePostpaid.actualCostTCs.TC008_ActualCost_ALM -->
