<?xml version="1.0" encoding="UTF-8"?>
<!-- Generated by org.testng.reporters.JUnitReportReporter -->
<testsuite hostname="Medhats-MacBook-Pro.local" name="servicesAndAPIs.StartSession_post_DSL" tests="1" failures="0" timestamp="27 Jan 2020 15:11:31 GMT" time="3.233" errors="0">
  <testcase name="startSession" time="3.233" classname="servicesAndAPIs.StartSession_post_DSL"/>
</testsuite> <!-- servicesAndAPIs.StartSession_post_DSL -->
