<?xml version="1.0" encoding="UTF-8"?>
<!-- Generated by org.testng.reporters.JUnitReportReporter -->
<testsuite hostname="Medhats-MacBook-Pro.local" name="pushNotificationTestcasesPrepaid.TC006_pushNotification_Tariff_Prepaid" tests="8" failures="0" timestamp="5 Jan 2020 15:37:02 GMT" time="277.882" errors="0">
  <testcase name="Step3_ValidateTheTariffPage_FrontGround" time="40.985" classname="pushNotificationTestcasesPrepaid.TC006_pushNotification_Tariff_Prepaid"/>
  <testcase name="Step5_ValidateTheTariffPage_Backround" time="64.579" classname="pushNotificationTestcasesPrepaid.TC006_pushNotification_Tariff_Prepaid"/>
  <testcase name="Step4_HandlePushNotification_FromBackground" time="21.437" classname="pushNotificationTestcasesPrepaid.TC006_pushNotification_Tariff_Prepaid"/>
  <testcase name="Step8_MobileLogout" time="24.221" classname="pushNotificationTestcasesPrepaid.TC006_pushNotification_Tariff_Prepaid"/>
  <testcase name="Step7_ValidateTheTariffPage_AfterKillingTheApp" time="64.594" classname="pushNotificationTestcasesPrepaid.TC006_pushNotification_Tariff_Prepaid"/>
  <testcase name="Step1_mobileLogin" time="37.280" classname="pushNotificationTestcasesPrepaid.TC006_pushNotification_Tariff_Prepaid"/>
  <testcase name="Step2_HandlePushNotificationFromForeground" time="3.874" classname="pushNotificationTestcasesPrepaid.TC006_pushNotification_Tariff_Prepaid"/>
  <testcase name="Step6_HandlePushNotificationFromFrontgound_AfterKillingTheApp" time="20.912" classname="pushNotificationTestcasesPrepaid.TC006_pushNotification_Tariff_Prepaid"/>
</testsuite> <!-- pushNotificationTestcasesPrepaid.TC006_pushNotification_Tariff_Prepaid -->
