<?xml version="1.0" encoding="UTF-8"?>
<!-- Generated by org.testng.reporters.JUnitReportReporter -->
<testsuite hostname="Medhats-MacBook-Pro.local" name="newLoginScenarios.CYCCScenarios_Stubs.TC033_Stubs_CYCC_FailStartSessionWith500And510And504" tests="4" failures="0" timestamp="15 Jan 2020 16:20:18 GMT" time="79.599" errors="0">
  <testcase name="Step2_FailStartSessionWithErrorCode504" time="34.231" classname="newLoginScenarios.CYCCScenarios_Stubs.TC033_Stubs_CYCC_FailStartSessionWith500And510And504"/>
  <testcase name="Step4_SetStartSessionWith200AndValidateGDBR" time="26.834" classname="newLoginScenarios.CYCCScenarios_Stubs.TC033_Stubs_CYCC_FailStartSessionWith500And510And504"/>
  <testcase name="Step1_LaunchTheAppAndOpenMobileTab" time="12.924" classname="newLoginScenarios.CYCCScenarios_Stubs.TC033_Stubs_CYCC_FailStartSessionWith500And510And504"/>
  <testcase name="Step3_ValidteBlockingScreen" time="5.610" classname="newLoginScenarios.CYCCScenarios_Stubs.TC033_Stubs_CYCC_FailStartSessionWith500And510And504"/>
</testsuite> <!-- newLoginScenarios.CYCCScenarios_Stubs.TC033_Stubs_CYCC_FailStartSessionWith500And510And504 -->
