<?xml version="1.0" encoding="UTF-8"?>
<!-- Generated by org.testng.reporters.JUnitReportReporter -->
<testsuite hostname="Medhats-MacBook-Pro.local" name="DSLLandLineNumberTileContent.TC003" tests="2" failures="0" timestamp="8 Jan 2020 09:05:19 GMT" time="34.342" errors="0">
  <testcase name="Step3_dslLogin" time="26.726" classname="DSLLandLineNumberTileContent.TC003"/>
  <testcase name="Step4_ValidateWideTile" time="7.616" classname="DSLLandLineNumberTileContent.TC003"/>
</testsuite> <!-- DSLLandLineNumberTileContent.TC003 -->
