<?xml version="1.0" encoding="UTF-8"?>
<!-- Generated by org.testng.reporters.JUnitReportReporter -->
<testsuite hostname="Medhats-MacBook-Pro.local" name="loginScenarios.TC001_CheckNewLoginScreenAminmation" tests="1" failures="0" timestamp="8 Jan 2020 11:25:45 GMT" time="5.810" errors="0">
  <testcase name="checkLoginScreenBody" time="5.810" classname="loginScenarios.TC001_CheckNewLoginScreenAminmation"/>
</testsuite> <!-- loginScenarios.TC001_CheckNewLoginScreenAminmation -->
