<?xml version="1.0" encoding="UTF-8"?>
<!-- Generated by org.testng.reporters.JUnitReportReporter -->
<testsuite hostname="Medhats-MacBook-Pro.local" name="pushNotificationTestcasesPrepaid.TC016_pushNotification_Orders_Prepaid" tests="8" failures="0" timestamp="5 Jan 2020 15:37:07 GMT" time="171.334" errors="0">
  <testcase name="Step8_MobileLogout" time="23.267" classname="pushNotificationTestcasesPrepaid.TC016_pushNotification_Orders_Prepaid"/>
  <testcase name="Step6_HandlePushNotificationFromFrontgound_AfterKillingTheApp" time="3.221" classname="pushNotificationTestcasesPrepaid.TC016_pushNotification_Orders_Prepaid"/>
  <testcase name="Step1_mobileLogin" time="38.442" classname="pushNotificationTestcasesPrepaid.TC016_pushNotification_Orders_Prepaid"/>
  <testcase name="Step4_HandlePushNotification_FromBackground" time="3.251" classname="pushNotificationTestcasesPrepaid.TC016_pushNotification_Orders_Prepaid"/>
  <testcase name="Step2_HandlePushNotificationFromForeground" time="3.981" classname="pushNotificationTestcasesPrepaid.TC016_pushNotification_Orders_Prepaid"/>
  <testcase name="Step3_ValidateTheOrdersDeeplinkAction_FrontGround" time="33.102" classname="pushNotificationTestcasesPrepaid.TC016_pushNotification_Orders_Prepaid"/>
  <testcase name="Step5_ValidateTheOrdersDeeplinkAction_Backround" time="32.960" classname="pushNotificationTestcasesPrepaid.TC016_pushNotification_Orders_Prepaid"/>
  <testcase name="Step7_ValidateTheOrdersDeeplinkAction_AfterKillingTheApp" time="33.110" classname="pushNotificationTestcasesPrepaid.TC016_pushNotification_Orders_Prepaid"/>
</testsuite> <!-- pushNotificationTestcasesPrepaid.TC016_pushNotification_Orders_Prepaid -->
