<?xml version="1.0" encoding="UTF-8"?>
<!-- Generated by org.testng.reporters.JUnitReportReporter -->
<testsuite hostname="Medhats-MacBook-Pro.local" name="homePostpaid.actualCostTCs.TC020_ActualCost_ALM" tests="1" failures="0" timestamp="5 Feb 2020 11:58:52 GMT" time="6.216" errors="0">
  <testcase name="Step1_uploadRequiredCMS" time="6.216" classname="homePostpaid.actualCostTCs.TC020_ActualCost_ALM"/>
</testsuite> <!-- homePostpaid.actualCostTCs.TC020_ActualCost_ALM -->
