<?xml version="1.0" encoding="UTF-8"?>
<!-- Generated by org.testng.reporters.JUnitReportReporter -->
<testsuite hostname="Medhats-MacBook-Pro.local" name="pushNotificationTestcasesPrepaid.TC005_pushNotification_FAQOrHelp_Prepaid" tests="8" failures="0" timestamp="5 Jan 2020 15:36:02 GMT" time="211.922" errors="0">
  <testcase name="Step4_HandlePushNotification_FromBackground" time="21.565" classname="pushNotificationTestcasesPrepaid.TC005_pushNotification_FAQOrHelp_Prepaid"/>
  <testcase name="Step5_ValidateTheNetzfeedbackPage_Backround" time="39.496" classname="pushNotificationTestcasesPrepaid.TC005_pushNotification_FAQOrHelp_Prepaid"/>
  <testcase name="Step3_ValidateTheNetzfeedbackPage_FrontGround" time="21.578" classname="pushNotificationTestcasesPrepaid.TC005_pushNotification_FAQOrHelp_Prepaid"/>
  <testcase name="Step1_mobileLogin" time="37.686" classname="pushNotificationTestcasesPrepaid.TC005_pushNotification_FAQOrHelp_Prepaid"/>
  <testcase name="Step8_MobileLogout" time="23.597" classname="pushNotificationTestcasesPrepaid.TC005_pushNotification_FAQOrHelp_Prepaid"/>
  <testcase name="Step6_HandlePushNotificationFromFrontgound_AfterKillingTheApp" time="20.782" classname="pushNotificationTestcasesPrepaid.TC005_pushNotification_FAQOrHelp_Prepaid"/>
  <testcase name="Step7_ValidateTheNetzfeedbackPage_AfterKillingTheApp" time="43.594" classname="pushNotificationTestcasesPrepaid.TC005_pushNotification_FAQOrHelp_Prepaid"/>
  <testcase name="Step2_HandlePushNotificationFromForeground" time="3.624" classname="pushNotificationTestcasesPrepaid.TC005_pushNotification_FAQOrHelp_Prepaid"/>
</testsuite> <!-- pushNotificationTestcasesPrepaid.TC005_pushNotification_FAQOrHelp_Prepaid -->
