<?xml version="1.0" encoding="UTF-8"?>
<!-- Generated by org.testng.reporters.JUnitReportReporter -->
<testsuite hostname="Medhats-MacBook-Pro.local" name="servicesAndAPIs.FCIdent_Get" tests="1" failures="0" timestamp="27 Jan 2020 15:29:16 GMT" time="6.879" errors="0">
  <testcase name="testGettingValue" time="6.879" classname="servicesAndAPIs.FCIdent_Get"/>
</testsuite> <!-- servicesAndAPIs.FCIdent_Get -->
