<?xml version="1.0" encoding="UTF-8"?>
<!-- Generated by org.testng.reporters.JUnitReportReporter -->
<testsuite hostname="Medhats-MacBook-Pro.local" name="pushNotificationTescasesDSL.TC013_pushNotification_TariffNewMapping_DSL" tests="8" failures="0" timestamp="25 Dec 2019 13:32:24 GMT" time="296.641" errors="0">
  <testcase name="Stepd1_dslLogin" time="38.326" classname="pushNotificationTescasesDSL.TC013_pushNotification_TariffNewMapping_DSL"/>
  <testcase name="Step4_HandlePushNotification_FromBackground" time="18.228" classname="pushNotificationTescasesDSL.TC013_pushNotification_TariffNewMapping_DSL"/>
  <testcase name="Step3_ValidateTheTariffDeeplinkAction_FrontGround" time="48.245" classname="pushNotificationTescasesDSL.TC013_pushNotification_TariffNewMapping_DSL"/>
  <testcase name="Step7_ValidateTheTariffDeeplinkAction_AfterKillingTheApp" time="69.293" classname="pushNotificationTescasesDSL.TC013_pushNotification_TariffNewMapping_DSL"/>
  <testcase name="Step8_dslLogout" time="24.482" classname="pushNotificationTescasesDSL.TC013_pushNotification_TariffNewMapping_DSL"/>
  <testcase name="Step6_HandlePushNotificationFromFrontgound_AfterKillingTheApp" time="18.135" classname="pushNotificationTescasesDSL.TC013_pushNotification_TariffNewMapping_DSL"/>
  <testcase name="Step5_ValidateTheTariffDeeplinkAction_Backround" time="73.212" classname="pushNotificationTescasesDSL.TC013_pushNotification_TariffNewMapping_DSL"/>
  <testcase name="Step2_HandlePushNotificationFromFrontgound" time="6.720" classname="pushNotificationTescasesDSL.TC013_pushNotification_TariffNewMapping_DSL"/>
</testsuite> <!-- pushNotificationTescasesDSL.TC013_pushNotification_TariffNewMapping_DSL -->
