<?xml version="1.0" encoding="UTF-8"?>
<!-- Generated by org.testng.reporters.JUnitReportReporter -->
<testsuite hostname="Medhats-MacBook-Pro.local" name="tests.TC012_pushNotification_Posteingang_Prepaid" tests="8" failures="0" timestamp="21 Dec 2019 17:44:00 GMT" time="202.495" errors="0">
  <testcase name="Step3_ValidateTheInboxPageDeeplinkAction_FrontGround" time="18.310" classname="tests.TC012_pushNotification_Posteingang_Prepaid"/>
  <testcase name="Step2_HandlePushNotificationFromFrontgound" time="10.599" classname="tests.TC012_pushNotification_Posteingang_Prepaid"/>
  <testcase name="Step5_ValidateTheInboxPageDeeplinkAction_Backround" time="34.026" classname="tests.TC012_pushNotification_Posteingang_Prepaid"/>
  <testcase name="Step6_HandlePushNotificationFromFrontgound_AfterKillingTheApp" time="19.440" classname="tests.TC012_pushNotification_Posteingang_Prepaid"/>
  <testcase name="Step8_MobileLogout" time="24.367" classname="tests.TC012_pushNotification_Posteingang_Prepaid"/>
  <testcase name="Step7_ValidateTheInboxPageDeeplinkAction_AfterKillingTheApp" time="33.607" classname="tests.TC012_pushNotification_Posteingang_Prepaid"/>
  <testcase name="Step4_HandlePushNotification_FromBackground" time="19.393" classname="tests.TC012_pushNotification_Posteingang_Prepaid"/>
  <testcase name="Step1_mobileLogin" time="42.753" classname="tests.TC012_pushNotification_Posteingang_Prepaid"/>
</testsuite> <!-- tests.TC012_pushNotification_Posteingang_Prepaid -->
