<?xml version="1.0" encoding="UTF-8"?>
<!-- Generated by org.testng.reporters.JUnitReportReporter -->
<testsuite hostname="Medhats-MacBook-Pro.local" name="tests.TC013_pushNotification_SettingsAndInfo_Prepaid" tests="7" failures="0" timestamp="22 Dec 2019 08:36:56 GMT" time="184.910" errors="0">
  <testcase name="Step5_ValidateTheInfoPageDeeplinkAction_Backround" time="42.122" classname="tests.TC013_pushNotification_SettingsAndInfo_Prepaid"/>
  <testcase name="Step1_mobileLogin" time="26.193" classname="tests.TC013_pushNotification_SettingsAndInfo_Prepaid"/>
  <testcase name="Step4_HandlePushNotification_FromBackground" time="22.715" classname="tests.TC013_pushNotification_SettingsAndInfo_Prepaid"/>
  <testcase name="Step3_ValidateTheInfoPageDeeplinkAction_FrontGround" time="25.837" classname="tests.TC013_pushNotification_SettingsAndInfo_Prepaid"/>
  <testcase name="Step6_HandlePushNotificationFromFrontgound_AfterKillingTheApp" time="18.095" classname="tests.TC013_pushNotification_SettingsAndInfo_Prepaid"/>
  <testcase name="Step7_ValidateTheInfoPageDeeplinkAction_AfterKillingTheApp" time="42.323" classname="tests.TC013_pushNotification_SettingsAndInfo_Prepaid"/>
  <testcase name="Step2_HandlePushNotificationFromFrontgound" time="7.625" classname="tests.TC013_pushNotification_SettingsAndInfo_Prepaid"/>
</testsuite> <!-- tests.TC013_pushNotification_SettingsAndInfo_Prepaid -->
