<?xml version="1.0" encoding="UTF-8"?>
<!-- Generated by org.testng.reporters.JUnitReportReporter -->
<testsuite hostname="Medhats-MacBook-Pro.local" name="newLoginScenarios.CableScenarios_Stubs.TC032_Stubs_DSL_FailHashingWith401" tests="4" failures="0" timestamp="21 Jan 2020 15:50:26 GMT" time="112.096" errors="0">
  <testcase name="Step1_LaunchTheAppAndOpenDSLTab" time="14.839" classname="newLoginScenarios.CableScenarios_Stubs.TC032_Stubs_DSL_FailHashingWith401"/>
  <testcase name="Step3_ValidteBlockingScreen" time="6.295" classname="newLoginScenarios.CableScenarios_Stubs.TC032_Stubs_DSL_FailHashingWith401"/>
  <testcase name="Step2_userHashingResponseWithErrorCode401" time="30.413" classname="newLoginScenarios.CableScenarios_Stubs.TC032_Stubs_DSL_FailHashingWith401"/>
  <testcase name="Step4_SetUserHashingResponseWith200AndValidateGDBR" time="60.549" classname="newLoginScenarios.CableScenarios_Stubs.TC032_Stubs_DSL_FailHashingWith401"/>
</testsuite> <!-- newLoginScenarios.CableScenarios_Stubs.TC032_Stubs_DSL_FailHashingWith401 -->
