<?xml version="1.0" encoding="UTF-8"?>
<!-- Generated by org.testng.reporters.JUnitReportReporter -->
<testsuite hostname="Medhats-MacBook-Pro.local" name="pushNotificationTescasesDSL.TC008_pushNotification_BillDeeplink_DSL" tests="8" failures="0" timestamp="5 Jan 2020 11:44:43 GMT" time="226.206" errors="0">
  <testcase name="Step2_HandlePushNotificationFromFrontgound" time="3.573" classname="pushNotificationTescasesDSL.TC008_pushNotification_BillDeeplink_DSL"/>
  <testcase name="Step8_MobileLogout" time="26.792" classname="pushNotificationTescasesDSL.TC008_pushNotification_BillDeeplink_DSL"/>
  <testcase name="Step3_ValidateTheBillsOverviewDeeplinkAction_FrontGround" time="28.361" classname="pushNotificationTescasesDSL.TC008_pushNotification_BillDeeplink_DSL"/>
  <testcase name="Step5_ValidateTheBillsOverviewDeeplinkAction_Backround" time="45.493" classname="pushNotificationTescasesDSL.TC008_pushNotification_BillDeeplink_DSL"/>
  <testcase name="Step1_dslLogin" time="40.198" classname="pushNotificationTescasesDSL.TC008_pushNotification_BillDeeplink_DSL"/>
  <testcase name="Step6_HandlePushNotificationFromFrontgound_AfterKillingTheApp" time="18.279" classname="pushNotificationTescasesDSL.TC008_pushNotification_BillDeeplink_DSL"/>
  <testcase name="Step4_HandlePushNotification_FromBackground" time="18.506" classname="pushNotificationTescasesDSL.TC008_pushNotification_BillDeeplink_DSL"/>
  <testcase name="Step7_ValidateTheBillsOverviewDeeplinkAction_AfterKillingTheApp" time="45.004" classname="pushNotificationTescasesDSL.TC008_pushNotification_BillDeeplink_DSL"/>
</testsuite> <!-- pushNotificationTescasesDSL.TC008_pushNotification_BillDeeplink_DSL -->
