<?xml version="1.0" encoding="UTF-8"?>
<!-- Generated by org.testng.reporters.JUnitReportReporter -->
<testsuite hostname="Medhats-MacBook-Pro.local" name="newLoginScenarios.CableScenarios_Stubs.TC031_Stubs_Cable_FailHashingResponseWith500And510And504" tests="17" failures="0" timestamp="1 Feb 2020 00:31:07 GMT" time="573.108" errors="0">
  <testcase name="Step7_FailHashingResponseWithErrorCode504" time="50.857" classname="newLoginScenarios.CableScenarios_Stubs.TC031_Stubs_Cable_FailHashingResponseWith500And510And504"/>
  <testcase name="Step9_SetHashingResponseWith200AndValidateGDBR" time="80.446" classname="newLoginScenarios.CableScenarios_Stubs.TC031_Stubs_Cable_FailHashingResponseWith500And510And504"/>
  <testcase name="Step14_LaunchTheAppAndOpenCableTab" time="12.317" classname="newLoginScenarios.CableScenarios_Stubs.TC031_Stubs_Cable_FailHashingResponseWith500And510And504"/>
  <testcase name="Step8_ValidteBlockingScreen" time="10.969" classname="newLoginScenarios.CableScenarios_Stubs.TC031_Stubs_Cable_FailHashingResponseWith500And510And504"/>
  <testcase name="Step13_SetHashingResponseWith200AndValidateGDBR" time="64.416" classname="newLoginScenarios.CableScenarios_Stubs.TC031_Stubs_Cable_FailHashingResponseWith500And510And504"/>
  <testcase name="Step17_SetHashingResponseWith200AndValidateGDBR" time="70.878" classname="newLoginScenarios.CableScenarios_Stubs.TC031_Stubs_Cable_FailHashingResponseWith500And510And504"/>
  <testcase name="Step1_SetUserDataToBeCableUser" time="35.459" classname="newLoginScenarios.CableScenarios_Stubs.TC031_Stubs_Cable_FailHashingResponseWith500And510And504"/>
  <testcase name="Step5_SetHashingResponseWith200AndValidateGDBR" time="72.214" classname="newLoginScenarios.CableScenarios_Stubs.TC031_Stubs_Cable_FailHashingResponseWith500And510And504"/>
  <testcase name="Step11_FailHashingResponseWithErrorCode510" time="39.788" classname="newLoginScenarios.CableScenarios_Stubs.TC031_Stubs_Cable_FailHashingResponseWith500And510And504"/>
  <testcase name="Step2_LaunchTheAppAndOpenCableTab" time="13.009" classname="newLoginScenarios.CableScenarios_Stubs.TC031_Stubs_Cable_FailHashingResponseWith500And510And504"/>
  <testcase name="Step15_FailHashingResponseWithErrorCode404" time="38.963" classname="newLoginScenarios.CableScenarios_Stubs.TC031_Stubs_Cable_FailHashingResponseWith500And510And504"/>
  <testcase name="Step12_ValidteBlockingScreen" time="6.834" classname="newLoginScenarios.CableScenarios_Stubs.TC031_Stubs_Cable_FailHashingResponseWith500And510And504"/>
  <testcase name="Step6_LaunchTheAppAndOpenCableTab" time="11.064" classname="newLoginScenarios.CableScenarios_Stubs.TC031_Stubs_Cable_FailHashingResponseWith500And510And504"/>
  <testcase name="Step16_ValidteBlockingScreen" time="10.050" classname="newLoginScenarios.CableScenarios_Stubs.TC031_Stubs_Cable_FailHashingResponseWith500And510And504"/>
  <testcase name="Step4_ValidteBlockingScreen" time="8.314" classname="newLoginScenarios.CableScenarios_Stubs.TC031_Stubs_Cable_FailHashingResponseWith500And510And504"/>
  <testcase name="Step10_LaunchTheAppAndOpenCableTab" time="12.107" classname="newLoginScenarios.CableScenarios_Stubs.TC031_Stubs_Cable_FailHashingResponseWith500And510And504"/>
  <testcase name="Step3_FailHashingResponseWithErrorCode500" time="35.423" classname="newLoginScenarios.CableScenarios_Stubs.TC031_Stubs_Cable_FailHashingResponseWith500And510And504"/>
</testsuite> <!-- newLoginScenarios.CableScenarios_Stubs.TC031_Stubs_Cable_FailHashingResponseWith500And510And504 -->
