<?xml version="1.0" encoding="UTF-8"?>
<!-- Generated by org.testng.reporters.JUnitReportReporter -->
<testsuite hostname="Medhats-MacBook-Pro.local" name="tests.TC011_pushNotification_Home_Prepaid" tests="8" failures="0" timestamp="21 Dec 2019 17:25:26 GMT" time="145.848" errors="0">
  <testcase name="Step5_ValidateTheHomePage_Backround" time="11.483" classname="tests.TC011_pushNotification_Home_Prepaid"/>
  <testcase name="Step8_MobileLogout" time="24.709" classname="tests.TC011_pushNotification_Home_Prepaid"/>
  <testcase name="Step3_ValidateTheHomePage_FrontGround" time="8.356" classname="tests.TC011_pushNotification_Home_Prepaid"/>
  <testcase name="Step7_ValidateTheHomePage_AfterKillingTheApp" time="11.017" classname="tests.TC011_pushNotification_Home_Prepaid"/>
  <testcase name="Step2_HandlePushNotificationFromFrontgound" time="8.342" classname="tests.TC011_pushNotification_Home_Prepaid"/>
  <testcase name="Step4_HandlePushNotification_FromBackground" time="20.668" classname="tests.TC011_pushNotification_Home_Prepaid"/>
  <testcase name="Step6_HandlePushNotificationFromFrontgound_AfterKillingTheApp" time="19.373" classname="tests.TC011_pushNotification_Home_Prepaid"/>
  <testcase name="Step1_mobileLogin" time="41.900" classname="tests.TC011_pushNotification_Home_Prepaid"/>
</testsuite> <!-- tests.TC011_pushNotification_Home_Prepaid -->
