<?xml version="1.0" encoding="UTF-8"?>
<!-- Generated by org.testng.reporters.JUnitReportReporter -->
<testsuite hostname="Medhats-MacBook-Pro.local" name="servicesAndAPIs.Info_Post" tests="1" failures="0" timestamp="27 Jan 2020 15:48:59 GMT" time="8.954" errors="0">
  <testcase name="validatetariffPlan" time="8.954" classname="servicesAndAPIs.Info_Post"/>
</testsuite> <!-- servicesAndAPIs.Info_Post -->
