<?xml version="1.0" encoding="UTF-8"?>
<!-- Generated by org.testng.reporters.JUnitReportReporter -->
<testsuite hostname="Medhats-MacBook-Pro.local" name="newLoginScenarios.CableScenarios_Stubs.TC029_Stubs_DSL_FailDataRequestWith500And504And510And404" tests="16" failures="0" timestamp="31 Jan 2020 23:16:11 GMT" time="509.322" errors="0">
  <testcase name="Step10_LaunchTheAppAndOpenCableTab" time="15.257" classname="newLoginScenarios.CableScenarios_Stubs.TC029_Stubs_DSL_FailDataRequestWith500And504And510And404"/>
  <testcase name="Step11_FailUserDataWithErrorCode510" time="36.300" classname="newLoginScenarios.CableScenarios_Stubs.TC029_Stubs_DSL_FailDataRequestWith500And504And510And404"/>
  <testcase name="Step6_LaunchTheAppAndOpenCableTab" time="12.398" classname="newLoginScenarios.CableScenarios_Stubs.TC029_Stubs_DSL_FailDataRequestWith500And504And510And404"/>
  <testcase name="Step14_LaunchTheAppAndOpenCableTab" time="13.395" classname="newLoginScenarios.CableScenarios_Stubs.TC029_Stubs_DSL_FailDataRequestWith500And504And510And404"/>
  <testcase name="Step3_FailUserDataWithErrorCode500" time="41.500" classname="newLoginScenarios.CableScenarios_Stubs.TC029_Stubs_DSL_FailDataRequestWith500And504And510And404"/>
  <testcase name="Step5_SetUserDataWith200AndValidateGDBR" time="67.312" classname="newLoginScenarios.CableScenarios_Stubs.TC029_Stubs_DSL_FailDataRequestWith500And504And510And404"/>
  <testcase name="Step8_ValidteBlockingScreen" time="6.824" classname="newLoginScenarios.CableScenarios_Stubs.TC029_Stubs_DSL_FailDataRequestWith500And504And510And404"/>
  <testcase name="Step1_LaunchTheAppAndOpenCableTab" time="14.747" classname="newLoginScenarios.CableScenarios_Stubs.TC029_Stubs_DSL_FailDataRequestWith500And504And510And404"/>
  <testcase name="Step13_SetUserDataWith200AndValidateGDBR" time="67.767" classname="newLoginScenarios.CableScenarios_Stubs.TC029_Stubs_DSL_FailDataRequestWith500And504And510And404"/>
  <testcase name="Step15_FailUserDataWithErrorCode404" time="35.728" classname="newLoginScenarios.CableScenarios_Stubs.TC029_Stubs_DSL_FailDataRequestWith500And504And510And404"/>
  <testcase name="Step7_FailUserDataWithErrorCode504" time="35.479" classname="newLoginScenarios.CableScenarios_Stubs.TC029_Stubs_DSL_FailDataRequestWith500And504And510And404"/>
  <testcase name="Step17_SetUserDataWith200AndValidateGDBR" time="70.257" classname="newLoginScenarios.CableScenarios_Stubs.TC029_Stubs_DSL_FailDataRequestWith500And504And510And404"/>
  <testcase name="Step9_SetUserDataWith200AndValidateGDBR" time="64.949" classname="newLoginScenarios.CableScenarios_Stubs.TC029_Stubs_DSL_FailDataRequestWith500And504And510And404"/>
  <testcase name="Step12_ValidteBlockingScreen" time="6.038" classname="newLoginScenarios.CableScenarios_Stubs.TC029_Stubs_DSL_FailDataRequestWith500And504And510And404"/>
  <testcase name="Step16_ValidteBlockingScreen" time="5.760" classname="newLoginScenarios.CableScenarios_Stubs.TC029_Stubs_DSL_FailDataRequestWith500And504And510And404"/>
  <testcase name="Step4_ValidteBlockingScreen" time="15.611" classname="newLoginScenarios.CableScenarios_Stubs.TC029_Stubs_DSL_FailDataRequestWith500And504And510And404"/>
</testsuite> <!-- newLoginScenarios.CableScenarios_Stubs.TC029_Stubs_DSL_FailDataRequestWith500And504And510And404 -->
