<?xml version="1.0" encoding="UTF-8"?>
<!-- Generated by org.testng.reporters.JUnitReportReporter -->
<testsuite hostname="Medhats-MacBook-Pro.local" name="newLoginScenarios.CYCCScenarios_Stubs.TC039_CYCC_FaildSubscriberDetailsResponseWithErrorCode404Or500Or510" tests="4" failures="0" timestamp="15 Jan 2020 17:01:52 GMT" time="81.602" errors="0">
  <testcase name="Step2_failResponseWith404" time="32.273" classname="newLoginScenarios.CYCCScenarios_Stubs.TC039_CYCC_FaildSubscriberDetailsResponseWithErrorCode404Or500Or510"/>
  <testcase name="Step4_SetResponseWith200AndValidateGDBR" time="27.521" classname="newLoginScenarios.CYCCScenarios_Stubs.TC039_CYCC_FaildSubscriberDetailsResponseWithErrorCode404Or500Or510"/>
  <testcase name="Step1_LaunchTheAppAndOpenMobileTab" time="14.920" classname="newLoginScenarios.CYCCScenarios_Stubs.TC039_CYCC_FaildSubscriberDetailsResponseWithErrorCode404Or500Or510"/>
  <testcase name="Step3_ValidteBlockingScreen" time="6.888" classname="newLoginScenarios.CYCCScenarios_Stubs.TC039_CYCC_FaildSubscriberDetailsResponseWithErrorCode404Or500Or510"/>
</testsuite> <!-- newLoginScenarios.CYCCScenarios_Stubs.TC039_CYCC_FaildSubscriberDetailsResponseWithErrorCode404Or500Or510 -->
