<?xml version="1.0" encoding="UTF-8"?>
<!-- Generated by org.testng.reporters.JUnitReportReporter -->
<testsuite hostname="Medhats-MacBook-Pro.local" name="pushNotificationTescasesDSL.TC002_pushNotification_Tariff_DSL" tests="8" failures="0" timestamp="5 Jan 2020 11:45:33 GMT" time="296.436" errors="0">
  <testcase name="Step4_HandlePushNotification_FromBackground" time="18.439" classname="pushNotificationTescasesDSL.TC002_pushNotification_Tariff_DSL"/>
  <testcase name="Step5_ValidateTheTariffDeeplinkAction_Backround" time="71.343" classname="pushNotificationTescasesDSL.TC002_pushNotification_Tariff_DSL"/>
  <testcase name="Step7_ValidateTheTariffDeeplinkAction_AfterKillingTheApp" time="70.189" classname="pushNotificationTescasesDSL.TC002_pushNotification_Tariff_DSL"/>
  <testcase name="Stepd1_dslLogin" time="41.260" classname="pushNotificationTescasesDSL.TC002_pushNotification_Tariff_DSL"/>
  <testcase name="Step3_ValidateTheTariffDeeplinkAction_FrontGround" time="48.234" classname="pushNotificationTescasesDSL.TC002_pushNotification_Tariff_DSL"/>
  <testcase name="Step2_HandlePushNotificationFromFrontgound" time="3.296" classname="pushNotificationTescasesDSL.TC002_pushNotification_Tariff_DSL"/>
  <testcase name="Step8_dslLogout" time="25.366" classname="pushNotificationTescasesDSL.TC002_pushNotification_Tariff_DSL"/>
  <testcase name="Step6_HandlePushNotificationFromFrontgound_AfterKillingTheApp" time="18.309" classname="pushNotificationTescasesDSL.TC002_pushNotification_Tariff_DSL"/>
</testsuite> <!-- pushNotificationTescasesDSL.TC002_pushNotification_Tariff_DSL -->
