<?xml version="1.0" encoding="UTF-8"?>
<!-- Generated by org.testng.reporters.JUnitReportReporter -->
<testsuite hostname="Medhats-MacBook-Pro.local" name="tests.TC015_pushNotification_NetzInfo_MobileNetzTab_Prepaid" tests="7" failures="0" timestamp="22 Dec 2019 11:46:07 GMT" time="190.501" errors="0">
  <testcase name="Step1_mobileLogin" time="28.259" classname="tests.TC015_pushNotification_NetzInfo_MobileNetzTab_Prepaid"/>
  <testcase name="Step6_HandlePushNotificationFromFrontgound_AfterKillingTheApp" time="18.117" classname="tests.TC015_pushNotification_NetzInfo_MobileNetzTab_Prepaid"/>
  <testcase name="Step5_ValidateTheNetzInfoMobileNetzPageDeeplinkAction_Backround" time="45.347" classname="tests.TC015_pushNotification_NetzInfo_MobileNetzTab_Prepaid"/>
  <testcase name="Step7_ValidateTheNetzInfoMobileNetzPageDeeplinkAction_AfterKillingTheApp" time="45.077" classname="tests.TC015_pushNotification_NetzInfo_MobileNetzTab_Prepaid"/>
  <testcase name="Step2_HandlePushNotificationFromFrontgound" time="7.383" classname="tests.TC015_pushNotification_NetzInfo_MobileNetzTab_Prepaid"/>
  <testcase name="Step3_ValidateTheNetzInfoMobileNetzPageDeeplinkAction_FrontGround" time="28.152" classname="tests.TC015_pushNotification_NetzInfo_MobileNetzTab_Prepaid"/>
  <testcase name="Step4_HandlePushNotification_FromBackground" time="18.166" classname="tests.TC015_pushNotification_NetzInfo_MobileNetzTab_Prepaid"/>
</testsuite> <!-- tests.TC015_pushNotification_NetzInfo_MobileNetzTab_Prepaid -->
