<?xml version="1.0" encoding="UTF-8"?>
<!-- Generated by org.testng.reporters.JUnitReportReporter -->
<testsuite hostname="Medhats-MacBook-Pro.local" name="homePostpaid.actualCostTCs.TC006_ActualCost" tests="1" failures="0" timestamp="2 Feb 2020 13:28:35 GMT" time="2.945" errors="0">
  <testcase name="Step1_uploadRequiredCMS" time="2.945" classname="homePostpaid.actualCostTCs.TC006_ActualCost"/>
</testsuite> <!-- homePostpaid.actualCostTCs.TC006_ActualCost -->
