<?xml version="1.0" encoding="UTF-8"?>
<!-- Generated by org.testng.reporters.JUnitReportReporter -->
<testsuite hostname="Medhats-MacBook-Pro.local" name="pushNotificationTescasesDSL.TC007_pushNotification_InvalidForumsDeeplink_DSL" tests="8" failures="0" timestamp="5 Jan 2020 11:44:53 GMT" time="138.922" errors="0">
  <testcase name="Step6_HandlePushNotificationFromFrontgound_AfterKillingTheApp" time="19.271" classname="pushNotificationTescasesDSL.TC007_pushNotification_InvalidForumsDeeplink_DSL"/>
  <testcase name="Step5_ValidateTheInvalidForumsDeeplinkAction_Backround" time="11.085" classname="pushNotificationTescasesDSL.TC007_pushNotification_InvalidForumsDeeplink_DSL"/>
  <testcase name="Step4_HandlePushNotification_FromBackground" time="18.516" classname="pushNotificationTescasesDSL.TC007_pushNotification_InvalidForumsDeeplink_DSL"/>
  <testcase name="Step1_dslLogin" time="40.943" classname="pushNotificationTescasesDSL.TC007_pushNotification_InvalidForumsDeeplink_DSL"/>
  <testcase name="Step2_HandlePushNotificationFromFrontgound" time="3.646" classname="pushNotificationTescasesDSL.TC007_pushNotification_InvalidForumsDeeplink_DSL"/>
  <testcase name="Step7_ValidateTheInvalidForumsDeeplinkAction_AfterKillingTheApp" time="11.522" classname="pushNotificationTescasesDSL.TC007_pushNotification_InvalidForumsDeeplink_DSL"/>
  <testcase name="Step8_MobileLogout" time="25.726" classname="pushNotificationTescasesDSL.TC007_pushNotification_InvalidForumsDeeplink_DSL"/>
  <testcase name="Step3_ValidateTheInvalidForumsDeeplinkAction_FrontGround" time="8.213" classname="pushNotificationTescasesDSL.TC007_pushNotification_InvalidForumsDeeplink_DSL"/>
</testsuite> <!-- pushNotificationTescasesDSL.TC007_pushNotification_InvalidForumsDeeplink_DSL -->
