<?xml version="1.0" encoding="UTF-8"?>
<!-- Generated by org.testng.reporters.JUnitReportReporter -->
<testsuite hostname="Medhats-MacBook-Pro.local" name="pushNotificationTescasesDSL.TC011_pushNotification_BillNewMappingDeeplink_DSL" tests="8" failures="0" timestamp="5 Jan 2020 11:45:28 GMT" time="230.289" errors="0">
  <testcase name="Step1_dslLogin" time="42.495" classname="pushNotificationTescasesDSL.TC011_pushNotification_BillNewMappingDeeplink_DSL"/>
  <testcase name="Step3_ValidateTheBillsOverviewDeeplinkAction_FrontGround" time="30.042" classname="pushNotificationTescasesDSL.TC011_pushNotification_BillNewMappingDeeplink_DSL"/>
  <testcase name="Step4_HandlePushNotification_FromBackground" time="19.164" classname="pushNotificationTescasesDSL.TC011_pushNotification_BillNewMappingDeeplink_DSL"/>
  <testcase name="Step2_HandlePushNotificationFromFrontgound" time="4.439" classname="pushNotificationTescasesDSL.TC011_pushNotification_BillNewMappingDeeplink_DSL"/>
  <testcase name="Step6_HandlePushNotificationFromFrontgound_AfterKillingTheApp" time="18.376" classname="pushNotificationTescasesDSL.TC011_pushNotification_BillNewMappingDeeplink_DSL"/>
  <testcase name="Step5_ValidateTheBillsOverviewDeeplinkAction_Backround" time="45.249" classname="pushNotificationTescasesDSL.TC011_pushNotification_BillNewMappingDeeplink_DSL"/>
  <testcase name="Step7_ValidateTheBillsOverviewDeeplinkAction_AfterKillingTheApp" time="44.813" classname="pushNotificationTescasesDSL.TC011_pushNotification_BillNewMappingDeeplink_DSL"/>
  <testcase name="Step8_MobileLogout" time="25.711" classname="pushNotificationTescasesDSL.TC011_pushNotification_BillNewMappingDeeplink_DSL"/>
</testsuite> <!-- pushNotificationTescasesDSL.TC011_pushNotification_BillNewMappingDeeplink_DSL -->
