<?xml version="1.0" encoding="UTF-8"?>
<!-- Generated by org.testng.reporters.JUnitReportReporter -->
<testsuite hostname="Medhats-MacBook-Pro.local" name="pushNotificationTescasesDSL.TC009_pushNotification_DataDeeplink_DSL" tests="8" failures="0" timestamp="5 Jan 2020 11:44:48 GMT" time="433.265" errors="0">
  <testcase name="Step1_dslLogin" time="40.693" classname="pushNotificationTescasesDSL.TC009_pushNotification_DataDeeplink_DSL"/>
  <testcase name="Step2_HandlePushNotificationFromFrontgound" time="3.684" classname="pushNotificationTescasesDSL.TC009_pushNotification_DataDeeplink_DSL"/>
  <testcase name="Step6_HandlePushNotificationFromFrontgound_AfterKillingTheApp" time="17.835" classname="pushNotificationTescasesDSL.TC009_pushNotification_DataDeeplink_DSL"/>
  <testcase name="Step4_HandlePushNotification_FromBackground" time="18.793" classname="pushNotificationTescasesDSL.TC009_pushNotification_DataDeeplink_DSL"/>
  <testcase name="Step7_ValidateTheMeineDatenDeeplinkAction_AfterKillingTheApp" time="137.224" classname="pushNotificationTescasesDSL.TC009_pushNotification_DataDeeplink_DSL"/>
  <testcase name="Step8_MobileLogout" time="21.655" classname="pushNotificationTescasesDSL.TC009_pushNotification_DataDeeplink_DSL"/>
  <testcase name="Step3_ValidateTheMeineDatenDeeplinkAction_FrontGround" time="61.708" classname="pushNotificationTescasesDSL.TC009_pushNotification_DataDeeplink_DSL"/>
  <testcase name="Step5_ValidateTheMeineDatenDeeplinkAction_Backround" time="131.673" classname="pushNotificationTescasesDSL.TC009_pushNotification_DataDeeplink_DSL"/>
</testsuite> <!-- pushNotificationTescasesDSL.TC009_pushNotification_DataDeeplink_DSL -->
