<?xml version="1.0" encoding="UTF-8"?>
<!-- Generated by org.testng.reporters.JUnitReportReporter -->
<testsuite hostname="Medhats-MacBook-Pro.local" name="newLoginScenarios.DSLScenarios_Live.TC014_LoginWithDSLUsingInvalidUsernameOrPassword" tests="2" failures="0" timestamp="20 Jan 2020 10:54:34 GMT" time="20.404" errors="0">
  <testcase name="checkLoginScreenBody" time="14.918" classname="newLoginScenarios.DSLScenarios_Live.TC014_LoginWithDSLUsingInvalidUsernameOrPassword"/>
  <testcase name="validate" time="5.486" classname="newLoginScenarios.DSLScenarios_Live.TC014_LoginWithDSLUsingInvalidUsernameOrPassword"/>
</testsuite> <!-- newLoginScenarios.DSLScenarios_Live.TC014_LoginWithDSLUsingInvalidUsernameOrPassword -->
