<?xml version="1.0" encoding="UTF-8"?>
<!-- Generated by org.testng.reporters.JUnitReportReporter -->
<testsuite hostname="Medhats-MacBook-Pro.local" name="tests.TC001_pushNotification_44008_Forums" tests="8" failures="0" timestamp="18 Dec 2019 14:35:13 GMT" time="1267.757" errors="0">
  <testcase name="Step4_HandlePushNotification_FromBackground" time="19.769" classname="tests.TC001_pushNotification_44008_Forums"/>
  <testcase name="Step5_ValidateTheForumsPage_Backround" time="345.728" classname="tests.TC001_pushNotification_44008_Forums"/>
  <testcase name="Step7_ValidateTheForumsPage_AfterKillingTheApp" time="351.868" classname="tests.TC001_pushNotification_44008_Forums"/>
  <testcase name="Step1_mobileLogin" time="25.138" classname="tests.TC001_pushNotification_44008_Forums"/>
  <testcase name="Step3_ValidateTheForumsPage_FrontGround" time="473.008" classname="tests.TC001_pushNotification_44008_Forums"/>
  <testcase name="Step6_HandlePushNotificationFromFrontgound_AfterKillingTheApp" time="19.839" classname="tests.TC001_pushNotification_44008_Forums"/>
  <testcase name="Step8_MobileLogout" time="25.082" classname="tests.TC001_pushNotification_44008_Forums"/>
  <testcase name="Step2_HandlePushNotificationFromFrontgound" time="7.325" classname="tests.TC001_pushNotification_44008_Forums"/>
</testsuite> <!-- tests.TC001_pushNotification_44008_Forums -->
