<?xml version="1.0" encoding="UTF-8"?>
<!-- Generated by org.testng.reporters.JUnitReportReporter -->
<testsuite hostname="Medhats-MacBook-Pro.local" name="pushNotificationTescasesDSL.TC005_pushNotification_FAQ_DSL" tests="8" failures="0" timestamp="5 Jan 2020 11:45:23 GMT" time="216.271" errors="0">
  <testcase name="Step6_HandlePushNotificationFromFrontgound_AfterKillingTheApp" time="18.321" classname="pushNotificationTescasesDSL.TC005_pushNotification_FAQ_DSL"/>
  <testcase name="Step8_dslLogout" time="25.723" classname="pushNotificationTescasesDSL.TC005_pushNotification_FAQ_DSL"/>
  <testcase name="Step1_mobileLogin" time="40.438" classname="pushNotificationTescasesDSL.TC005_pushNotification_FAQ_DSL"/>
  <testcase name="Step4_HandlePushNotification_FromBackground" time="18.190" classname="pushNotificationTescasesDSL.TC005_pushNotification_FAQ_DSL"/>
  <testcase name="Step7_ValidateTheFAQDeeplinkAction_AfterKillingTheApp" time="42.055" classname="pushNotificationTescasesDSL.TC005_pushNotification_FAQ_DSL"/>
  <testcase name="Step2_HandlePushNotificationFromForeground" time="3.477" classname="pushNotificationTescasesDSL.TC005_pushNotification_FAQ_DSL"/>
  <testcase name="Step5_ValidateTheFAQDeeplinkAction_Backround" time="43.057" classname="pushNotificationTescasesDSL.TC005_pushNotification_FAQ_DSL"/>
  <testcase name="Step3_ValidateTheFAQDeeplinkAction_FrontGround" time="25.010" classname="pushNotificationTescasesDSL.TC005_pushNotification_FAQ_DSL"/>
</testsuite> <!-- pushNotificationTescasesDSL.TC005_pushNotification_FAQ_DSL -->
