<?xml version="1.0" encoding="UTF-8"?>
<!-- Generated by org.testng.reporters.JUnitReportReporter -->
<testsuite hostname="Medhats-MacBook-Pro.local" name="newLoginScenarios.CableScenarios_Stubs.TC030_Stubs_DSL_FailDataRequestWith401" tests="5" failures="0" timestamp="1 Feb 2020 00:16:53 GMT" time="162.362" errors="0">
  <testcase name="Step2_LaunchTheAppAndOpenCableTab" time="12.298" classname="newLoginScenarios.CableScenarios_Stubs.TC030_Stubs_DSL_FailDataRequestWith401"/>
  <testcase name="Step3_userDataResponseWithErrorCode401" time="37.418" classname="newLoginScenarios.CableScenarios_Stubs.TC030_Stubs_DSL_FailDataRequestWith401"/>
  <testcase name="Step4_ValidteBlockingScreen" time="6.693" classname="newLoginScenarios.CableScenarios_Stubs.TC030_Stubs_DSL_FailDataRequestWith401"/>
  <testcase name="Step1_SetUserDataToBeCableUser" time="40.937" classname="newLoginScenarios.CableScenarios_Stubs.TC030_Stubs_DSL_FailDataRequestWith401"/>
  <testcase name="Step5_SetUserDataResponseWith200AndValidateGDBR" time="65.016" classname="newLoginScenarios.CableScenarios_Stubs.TC030_Stubs_DSL_FailDataRequestWith401"/>
</testsuite> <!-- newLoginScenarios.CableScenarios_Stubs.TC030_Stubs_DSL_FailDataRequestWith401 -->
