<?xml version="1.0" encoding="UTF-8"?>
<!-- Generated by org.testng.reporters.JUnitReportReporter -->
<testsuite hostname="Medhats-MacBook-Pro.local" name="tests.TC005_pushNotification_44006_FAQOrHelp" tests="8" failures="0" timestamp="21 Dec 2019 13:21:44 GMT" time="239.151" errors="0">
  <testcase name="Step6_HandlePushNotificationFromFrontgound_AfterKillingTheApp" time="19.233" classname="tests.TC005_pushNotification_44006_FAQOrHelp"/>
  <testcase name="Step5_ValidateTheNetzfeedbackPage_Backround" time="50.007" classname="tests.TC005_pushNotification_44006_FAQOrHelp"/>
  <testcase name="Step2_HandlePushNotificationFromFrontgound" time="7.340" classname="tests.TC005_pushNotification_44006_FAQOrHelp"/>
  <testcase name="Step7_ValidateTheNetzfeedbackPage_AfterKillingTheApp" time="47.365" classname="tests.TC005_pushNotification_44006_FAQOrHelp"/>
  <testcase name="Step3_ValidateTheNetzfeedbackPage_FrontGround" time="24.485" classname="tests.TC005_pushNotification_44006_FAQOrHelp"/>
  <testcase name="Step4_HandlePushNotification_FromBackground" time="20.167" classname="tests.TC005_pushNotification_44006_FAQOrHelp"/>
  <testcase name="Step1_mobileLogin" time="46.970" classname="tests.TC005_pushNotification_44006_FAQOrHelp"/>
  <testcase name="Step8_MobileLogout" time="23.584" classname="tests.TC005_pushNotification_44006_FAQOrHelp"/>
</testsuite> <!-- tests.TC005_pushNotification_44006_FAQOrHelp -->
