<?xml version="1.0" encoding="UTF-8"?>
<!-- Generated by org.testng.reporters.JUnitReportReporter -->
<testsuite hostname="Medhats-MacBook-Pro.local" name="newLoginScenarios.CableScenarios_Stubs.TC029_Stubs_DSL_FailDataRequestWith500And504And510And404" tests="4" failures="0" timestamp="21 Jan 2020 12:51:24 GMT" time="126.181" errors="0">
  <testcase name="Step16_SetUserDataWith200AndValidateGDBR" time="62.918" classname="newLoginScenarios.CableScenarios_Stubs.TC029_Stubs_DSL_FailDataRequestWith500And504And510And404"/>
  <testcase name="Step13_LaunchTheAppAndOpenDSLTab" time="25.632" classname="newLoginScenarios.CableScenarios_Stubs.TC029_Stubs_DSL_FailDataRequestWith500And504And510And404"/>
  <testcase name="Step14_FailUserDataWithErrorCode404" time="29.316" classname="newLoginScenarios.CableScenarios_Stubs.TC029_Stubs_DSL_FailDataRequestWith500And504And510And404"/>
  <testcase name="Step15_ValidteBlockingScreen" time="8.315" classname="newLoginScenarios.CableScenarios_Stubs.TC029_Stubs_DSL_FailDataRequestWith500And504And510And404"/>
</testsuite> <!-- newLoginScenarios.CableScenarios_Stubs.TC029_Stubs_DSL_FailDataRequestWith500And504And510And404 -->
